2018-04-26 15:44:41.420  INFO 17424 --- [main] c.e.c.c.ConfigurationClientApplication   : No active profile set, falling back to default profiles: default
2018-04-26 15:44:41.432  INFO 17424 --- [main] ConfigServletWebServerApplicationContext : Refreshing org.springframework.boot.web.servlet.context.AnnotationConfigServletWebServerApplicationContext@60db1c0e: startup date [Thu Apr 26 15:44:41 CEST 2018]; parent: org.springframework.context.annotation.AnnotationConfigApplicationContext@65466a6a
2018-04-26 15:44:42.179  INFO 17424 --- [main] o.s.b.f.s.DefaultListableBeanFactory     : Overriding bean definition for bean 'environmentWebEndpointExtension' with a different definition: replacing [Root bean: class [null]; scope=; abstract=false; lazyInit=false; autowireMode=3; dependencyCheck=0; autowireCandidate=true; primary=false; factoryBeanName=org.springframework.boot.actuate.autoconfigure.env.EnvironmentEndpointAutoConfiguration; factoryMethodName=environmentWebEndpointExtension; initMethodName=null; destroyMethodName=(inferred); defined in class path resource [org/springframework/boot/actuate/autoconfigure/env/EnvironmentEndpointAutoConfiguration.class]] with [Root bean: class [null]; scope=; abstract=false; lazyInit=false; autowireMode=3; dependencyCheck=0; autowireCandidate=true; primary=false; factoryBeanName=org.springframework.cloud.autoconfigure.LifecycleMvcEndpointAutoConfiguration$EndpointConfiguration; factoryMethodName=environmentWebEndpointExtension; initMethodName=null; destroyMethodName=(inferred); defined in class path resource [org/springframework/cloud/autoconfigure/LifecycleMvcEndpointAutoConfiguration$EndpointConfiguration.class]]
2018-04-26 15:44:42.390  INFO 17424 --- [main] o.s.cloud.context.scope.GenericScope     : BeanFactory id=f2d94297-3cf6-39b0-9e6c-519a5edbdd8a
2018-04-26 15:44:42.392 DEBUG 17424 --- [main] o.s.w.c.s.StandardServletEnvironment     : Removing PropertySource 'defaultProperties'
2018-04-26 15:44:42.392 DEBUG 17424 --- [main] o.s.w.c.s.StandardServletEnvironment     : Adding PropertySource 'defaultProperties' with lowest search precedence
2018-04-26 15:44:42.457  INFO 17424 --- [main] trationDelegate$BeanPostProcessorChecker : Bean 'org.springframework.cloud.autoconfigure.ConfigurationPropertiesRebinderAutoConfiguration' of type [org.springframework.cloud.autoconfigure.ConfigurationPropertiesRebinderAutoConfiguration$$EnhancerBySpringCGLIB$$ccf99ed7] is not eligible for getting processed by all BeanPostProcessors (for example: not eligible for auto-proxying)
2018-04-26 15:44:42.673  INFO 17424 --- [main] o.s.b.w.embedded.tomcat.TomcatWebServer  : Tomcat initialized with port(s): 8080 (http)
2018-04-26 15:44:42.693  INFO 17424 --- [main] o.apache.catalina.core.StandardService   : Starting service [Tomcat]
2018-04-26 15:44:42.693  INFO 17424 --- [main] org.apache.catalina.core.StandardEngine  : Starting Servlet Engine: Apache Tomcat/8.5.29
2018-04-26 15:44:42.699  INFO 17424 --- [localhost-startStop-1] o.a.catalina.core.AprLifecycleListener   : The APR based Apache Tomcat Native library which allows optimal performance in production environments was not found on the java.library.path: [C:\Program Files\Java\jdk1.8.0_91\bin;C:\WINDOWS\Sun\Java\bin;C:\WINDOWS\system32;C:\WINDOWS;C:\ProgramData\Oracle\Java\javapath;C:\Program Files (x86)\Intel\iCLS Client\;C:\Program Files\Intel\iCLS Client\;C:\WINDOWS\system32;C:\WINDOWS;C:\WINDOWS\System32\Wbem;C:\WINDOWS\System32\WindowsPowerShell\v1.0\;C:\Program Files (x86)\Intel\OpenCL SDK\3.0\bin\x86;C:\Program Files (x86)\Intel\OpenCL SDK\3.0\bin\x64;C:\Program Files\Intel\Intel(R) Management Engine Components\DAL;C:\Program Files\Intel\Intel(R) Management Engine Components\IPT;C:\Program Files (x86)\Intel\Intel(R) Management Engine Components\DAL;C:\Program Files (x86)\Intel\Intel(R) Management Engine Components\IPT;C:\ProgramData\Lenovo\ReadyApps;C:\Program Files\Intel\WiFi\bin\;C:\Program Files\Common Files\Intel\WirelessCommon\;C:\Users\apa\apache-maven-3.3.9-bin\apache-maven-3.3.9\bin;C:\Program Files\nodejs\;C:\Program Files (x86)\Skype\Phone\;C:\Program Files\TortoiseSVN\bin;C:\Program Files\SlikSvn\bin;C:\Program Files (x86)\Calibre2\;%CATALINA_HOME%\bin;C:\HashiCorp\Vagrant\bin;C:\Program Files\Git\cmd;C:\ProgramData\chocolatey\bin;C:\Javalib;C:\Users\apa\AppData\Roaming\npm;C:\Program Files\nodejs;C:\Users\apa\AppData\Local\Microsoft\WindowsApps;;.]
2018-04-26 15:44:42.814  INFO 17424 --- [localhost-startStop-1] o.a.c.c.C.[Tomcat].[localhost].[/]       : Initializing Spring embedded WebApplicationContext
2018-04-26 15:44:42.814 DEBUG 17424 --- [localhost-startStop-1] o.s.web.context.ContextLoader            : Published root WebApplicationContext as ServletContext attribute with name [org.springframework.web.context.WebApplicationContext.ROOT]
2018-04-26 15:44:42.814  INFO 17424 --- [localhost-startStop-1] o.s.web.context.ContextLoader            : Root WebApplicationContext: initialization completed in 1382 ms
2018-04-26 15:44:43.553  INFO 17424 --- [localhost-startStop-1] o.s.b.w.servlet.ServletRegistrationBean  : Servlet dispatcherServlet mapped to [/]
2018-04-26 15:44:43.559  INFO 17424 --- [localhost-startStop-1] o.s.b.w.servlet.FilterRegistrationBean   : Mapping filter: 'characterEncodingFilter' to: [/*]
2018-04-26 15:44:43.561  INFO 17424 --- [localhost-startStop-1] o.s.b.w.servlet.FilterRegistrationBean   : Mapping filter: 'hiddenHttpMethodFilter' to: [/*]
2018-04-26 15:44:43.561  INFO 17424 --- [localhost-startStop-1] o.s.b.w.servlet.FilterRegistrationBean   : Mapping filter: 'httpPutFormContentFilter' to: [/*]
2018-04-26 15:44:43.561  INFO 17424 --- [localhost-startStop-1] o.s.b.w.servlet.FilterRegistrationBean   : Mapping filter: 'requestContextFilter' to: [/*]
2018-04-26 15:44:43.561  INFO 17424 --- [localhost-startStop-1] o.s.b.w.servlet.FilterRegistrationBean   : Mapping filter: 'httpTraceFilter' to: [/*]
2018-04-26 15:44:43.562  INFO 17424 --- [localhost-startStop-1] o.s.b.w.servlet.FilterRegistrationBean   : Mapping filter: 'webMvcMetricsFilter' to: [/*]
2018-04-26 15:44:43.584 DEBUG 17424 --- [main] o.s.w.c.s.StandardServletEnvironment     : Replacing PropertySource 'servletContextInitParams' with 'servletContextInitParams'
2018-04-26 15:44:43.685  INFO 17424 --- [main] o.s.w.s.handler.SimpleUrlHandlerMapping  : Mapped URL path [/**/favicon.ico] onto handler of type [class org.springframework.web.servlet.resource.ResourceHttpRequestHandler]
2018-04-26 15:44:44.089  INFO 17424 --- [main] s.w.s.m.m.a.RequestMappingHandlerAdapter : Looking for @ControllerAdvice: org.springframework.boot.web.servlet.context.AnnotationConfigServletWebServerApplicationContext@60db1c0e: startup date [Thu Apr 26 15:44:41 CEST 2018]; parent: org.springframework.context.annotation.AnnotationConfigApplicationContext@65466a6a
2018-04-26 15:44:44.165 DEBUG 17424 --- [main] s.w.s.m.m.a.RequestMappingHandlerMapping : Looking for request mappings in application context: org.springframework.boot.web.servlet.context.AnnotationConfigServletWebServerApplicationContext@60db1c0e: startup date [Thu Apr 26 15:44:41 CEST 2018]; parent: org.springframework.context.annotation.AnnotationConfigApplicationContext@65466a6a
2018-04-26 15:44:44.172 DEBUG 17424 --- [main] s.w.s.m.m.a.RequestMappingHandlerMapping : 1 request handler methods found on class com.example.config.client.MessageRestController: {java.lang.String com.example.config.client.MessageRestController.getMessage()={[/message]}}
2018-04-26 15:44:44.173  INFO 17424 --- [main] s.w.s.m.m.a.RequestMappingHandlerMapping : Mapped "{[/message]}" onto java.lang.String com.example.config.client.MessageRestController.getMessage()
2018-04-26 15:44:44.176 DEBUG 17424 --- [main] s.w.s.m.m.a.RequestMappingHandlerMapping : 2 request handler methods found on class org.springframework.boot.autoconfigure.web.servlet.error.BasicErrorController: {public org.springframework.http.ResponseEntity org.springframework.boot.autoconfigure.web.servlet.error.BasicErrorController.error(javax.servlet.http.HttpServletRequest)={[/error]}, public org.springframework.web.servlet.ModelAndView org.springframework.boot.autoconfigure.web.servlet.error.BasicErrorController.errorHtml(javax.servlet.http.HttpServletRequest,javax.servlet.http.HttpServletResponse)={[/error],produces=[text/html]}}
2018-04-26 15:44:44.178  INFO 17424 --- [main] s.w.s.m.m.a.RequestMappingHandlerMapping : Mapped "{[/error]}" onto public org.springframework.http.ResponseEntity<java.util.Map<java.lang.String, java.lang.Object>> org.springframework.boot.autoconfigure.web.servlet.error.BasicErrorController.error(javax.servlet.http.HttpServletRequest)
2018-04-26 15:44:44.179  INFO 17424 --- [main] s.w.s.m.m.a.RequestMappingHandlerMapping : Mapped "{[/error],produces=[text/html]}" onto public org.springframework.web.servlet.ModelAndView org.springframework.boot.autoconfigure.web.servlet.error.BasicErrorController.errorHtml(javax.servlet.http.HttpServletRequest,javax.servlet.http.HttpServletResponse)
2018-04-26 15:44:44.200 DEBUG 17424 --- [main] o.s.w.s.h.BeanNameUrlHandlerMapping      : Looking for URL mappings in application context: org.springframework.boot.web.servlet.context.AnnotationConfigServletWebServerApplicationContext@60db1c0e: startup date [Thu Apr 26 15:44:41 CEST 2018]; parent: org.springframework.context.annotation.AnnotationConfigApplicationContext@65466a6a
2018-04-26 15:44:44.200 DEBUG 17424 --- [main] o.s.w.s.h.BeanNameUrlHandlerMapping      : Rejected bean name 'org.springframework.context.annotation.internalConfigurationAnnotationProcessor': no URL paths identified
2018-04-26 15:44:44.201 DEBUG 17424 --- [main] o.s.w.s.h.BeanNameUrlHandlerMapping      : Rejected bean name 'org.springframework.context.annotation.internalAutowiredAnnotationProcessor': no URL paths identified
2018-04-26 15:44:44.201 DEBUG 17424 --- [main] o.s.w.s.h.BeanNameUrlHandlerMapping      : Rejected bean name 'org.springframework.context.annotation.internalRequiredAnnotationProcessor': no URL paths identified
2018-04-26 15:44:44.201 DEBUG 17424 --- [main] o.s.w.s.h.BeanNameUrlHandlerMapping      : Rejected bean name 'org.springframework.context.annotation.internalCommonAnnotationProcessor': no URL paths identified
2018-04-26 15:44:44.201 DEBUG 17424 --- [main] o.s.w.s.h.BeanNameUrlHandlerMapping      : Rejected bean name 'org.springframework.context.event.internalEventListenerProcessor': no URL paths identified
2018-04-26 15:44:44.201 DEBUG 17424 --- [main] o.s.w.s.h.BeanNameUrlHandlerMapping      : Rejected bean name 'org.springframework.context.event.internalEventListenerFactory': no URL paths identified
2018-04-26 15:44:44.201 DEBUG 17424 --- [main] o.s.w.s.h.BeanNameUrlHandlerMapping      : Rejected bean name 'configurationClientApplication': no URL paths identified
2018-04-26 15:44:44.201 DEBUG 17424 --- [main] o.s.w.s.h.BeanNameUrlHandlerMapping      : Rejected bean name 'org.springframework.boot.autoconfigure.internalCachingMetadataReaderFactory': no URL paths identified
2018-04-26 15:44:44.202 DEBUG 17424 --- [main] o.s.w.s.h.BeanNameUrlHandlerMapping      : Rejected bean name 'scopedTarget.messageRestController': no URL paths identified
2018-04-26 15:44:44.202 DEBUG 17424 --- [main] o.s.w.s.h.BeanNameUrlHandlerMapping      : Rejected bean name 'messageRestController': no URL paths identified
2018-04-26 15:44:44.203 DEBUG 17424 --- [main] o.s.w.s.h.BeanNameUrlHandlerMapping      : Rejected bean name 'org.springframework.boot.autoconfigure.AutoConfigurationPackages': no URL paths identified
2018-04-26 15:44:44.203 DEBUG 17424 --- [main] o.s.w.s.h.BeanNameUrlHandlerMapping      : Rejected bean name 'org.springframework.boot.autoconfigure.context.PropertyPlaceholderAutoConfiguration': no URL paths identified
2018-04-26 15:44:44.203 DEBUG 17424 --- [main] o.s.w.s.h.BeanNameUrlHandlerMapping      : Rejected bean name 'org.springframework.boot.autoconfigure.condition.BeanTypeRegistry': no URL paths identified
2018-04-26 15:44:44.205 DEBUG 17424 --- [main] o.s.w.s.h.BeanNameUrlHandlerMapping      : Rejected bean name 'propertySourcesPlaceholderConfigurer': no URL paths identified
2018-04-26 15:44:44.205 DEBUG 17424 --- [main] o.s.w.s.h.BeanNameUrlHandlerMapping      : Rejected bean name 'org.springframework.boot.autoconfigure.websocket.servlet.WebSocketServletAutoConfiguration$TomcatWebSocketConfiguration': no URL paths identified
2018-04-26 15:44:44.205 DEBUG 17424 --- [main] o.s.w.s.h.BeanNameUrlHandlerMapping      : Rejected bean name 'websocketContainerCustomizer': no URL paths identified
2018-04-26 15:44:44.205 DEBUG 17424 --- [main] o.s.w.s.h.BeanNameUrlHandlerMapping      : Rejected bean name 'org.springframework.boot.autoconfigure.websocket.servlet.WebSocketServletAutoConfiguration': no URL paths identified
2018-04-26 15:44:44.206 DEBUG 17424 --- [main] o.s.w.s.h.BeanNameUrlHandlerMapping      : Rejected bean name 'org.springframework.boot.autoconfigure.web.servlet.ServletWebServerFactoryConfiguration$EmbeddedTomcat': no URL paths identified
2018-04-26 15:44:44.207 DEBUG 17424 --- [main] o.s.w.s.h.BeanNameUrlHandlerMapping      : Rejected bean name 'tomcatServletWebServerFactory': no URL paths identified
2018-04-26 15:44:44.207 DEBUG 17424 --- [main] o.s.w.s.h.BeanNameUrlHandlerMapping      : Rejected bean name 'org.springframework.boot.autoconfigure.web.servlet.ServletWebServerFactoryAutoConfiguration': no URL paths identified
2018-04-26 15:44:44.207 DEBUG 17424 --- [main] o.s.w.s.h.BeanNameUrlHandlerMapping      : Rejected bean name 'servletWebServerFactoryCustomizer': no URL paths identified
2018-04-26 15:44:44.207 DEBUG 17424 --- [main] o.s.w.s.h.BeanNameUrlHandlerMapping      : Rejected bean name 'tomcatServletWebServerFactoryCustomizer': no URL paths identified
2018-04-26 15:44:44.207 DEBUG 17424 --- [main] o.s.w.s.h.BeanNameUrlHandlerMapping      : Rejected bean name 'server-org.springframework.boot.autoconfigure.web.ServerProperties': no URL paths identified
2018-04-26 15:44:44.207 DEBUG 17424 --- [main] o.s.w.s.h.BeanNameUrlHandlerMapping      : Rejected bean name 'org.springframework.boot.context.properties.ConfigurationPropertiesBindingPostProcessor': no URL paths identified
2018-04-26 15:44:44.207 DEBUG 17424 --- [main] o.s.w.s.h.BeanNameUrlHandlerMapping      : Rejected bean name 'org.springframework.boot.context.properties.ConfigurationBeanFactoryMetadata': no URL paths identified
2018-04-26 15:44:44.207 DEBUG 17424 --- [main] o.s.w.s.h.BeanNameUrlHandlerMapping      : Rejected bean name 'webServerFactoryCustomizerBeanPostProcessor': no URL paths identified
2018-04-26 15:44:44.207 DEBUG 17424 --- [main] o.s.w.s.h.BeanNameUrlHandlerMapping      : Rejected bean name 'errorPageRegistrarBeanPostProcessor': no URL paths identified
2018-04-26 15:44:44.208 DEBUG 17424 --- [main] o.s.w.s.h.BeanNameUrlHandlerMapping      : Rejected bean name 'org.springframework.boot.autoconfigure.web.servlet.DispatcherServletAutoConfiguration$DispatcherServletConfiguration': no URL paths identified
2018-04-26 15:44:44.208 DEBUG 17424 --- [main] o.s.w.s.h.BeanNameUrlHandlerMapping      : Rejected bean name 'dispatcherServlet': no URL paths identified
2018-04-26 15:44:44.208 DEBUG 17424 --- [main] o.s.w.s.h.BeanNameUrlHandlerMapping      : Rejected bean name 'spring.mvc-org.springframework.boot.autoconfigure.web.servlet.WebMvcProperties': no URL paths identified
2018-04-26 15:44:44.208 DEBUG 17424 --- [main] o.s.w.s.h.BeanNameUrlHandlerMapping      : Rejected bean name 'org.springframework.boot.autoconfigure.web.servlet.DispatcherServletAutoConfiguration$DispatcherServletRegistrationConfiguration': no URL paths identified
2018-04-26 15:44:44.208 DEBUG 17424 --- [main] o.s.w.s.h.BeanNameUrlHandlerMapping      : Rejected bean name 'dispatcherServletRegistration': no URL paths identified
2018-04-26 15:44:44.208 DEBUG 17424 --- [main] o.s.w.s.h.BeanNameUrlHandlerMapping      : Rejected bean name 'org.springframework.boot.autoconfigure.web.servlet.DispatcherServletAutoConfiguration': no URL paths identified
2018-04-26 15:44:44.209 DEBUG 17424 --- [main] o.s.w.s.h.BeanNameUrlHandlerMapping      : Rejected bean name 'org.springframework.boot.autoconfigure.validation.ValidationAutoConfiguration': no URL paths identified
2018-04-26 15:44:44.210 DEBUG 17424 --- [main] o.s.w.s.h.BeanNameUrlHandlerMapping      : Rejected bean name 'defaultValidator': no URL paths identified
2018-04-26 15:44:44.210 DEBUG 17424 --- [main] o.s.w.s.h.BeanNameUrlHandlerMapping      : Rejected bean name 'methodValidationPostProcessor': no URL paths identified
2018-04-26 15:44:44.210 DEBUG 17424 --- [main] o.s.w.s.h.BeanNameUrlHandlerMapping      : Rejected bean name 'org.springframework.boot.autoconfigure.web.servlet.error.ErrorMvcAutoConfiguration$WhitelabelErrorViewConfiguration': no URL paths identified
2018-04-26 15:44:44.210 DEBUG 17424 --- [main] o.s.w.s.h.BeanNameUrlHandlerMapping      : Rejected bean name 'error': no URL paths identified
2018-04-26 15:44:44.210 DEBUG 17424 --- [main] o.s.w.s.h.BeanNameUrlHandlerMapping      : Rejected bean name 'beanNameViewResolver': no URL paths identified
2018-04-26 15:44:44.210 DEBUG 17424 --- [main] o.s.w.s.h.BeanNameUrlHandlerMapping      : Rejected bean name 'org.springframework.boot.autoconfigure.web.servlet.error.ErrorMvcAutoConfiguration$DefaultErrorViewResolverConfiguration': no URL paths identified
2018-04-26 15:44:44.210 DEBUG 17424 --- [main] o.s.w.s.h.BeanNameUrlHandlerMapping      : Rejected bean name 'conventionErrorViewResolver': no URL paths identified
2018-04-26 15:44:44.210 DEBUG 17424 --- [main] o.s.w.s.h.BeanNameUrlHandlerMapping      : Rejected bean name 'org.springframework.boot.autoconfigure.web.servlet.error.ErrorMvcAutoConfiguration': no URL paths identified
2018-04-26 15:44:44.210 DEBUG 17424 --- [main] o.s.w.s.h.BeanNameUrlHandlerMapping      : Rejected bean name 'errorAttributes': no URL paths identified
2018-04-26 15:44:44.210 DEBUG 17424 --- [main] o.s.w.s.h.BeanNameUrlHandlerMapping      : Rejected bean name 'basicErrorController': no URL paths identified
2018-04-26 15:44:44.210 DEBUG 17424 --- [main] o.s.w.s.h.BeanNameUrlHandlerMapping      : Rejected bean name 'errorPageCustomizer': no URL paths identified
2018-04-26 15:44:44.210 DEBUG 17424 --- [main] o.s.w.s.h.BeanNameUrlHandlerMapping      : Rejected bean name 'preserveErrorControllerTargetClassPostProcessor': no URL paths identified
2018-04-26 15:44:44.210 DEBUG 17424 --- [main] o.s.w.s.h.BeanNameUrlHandlerMapping      : Rejected bean name 'spring.resources-org.springframework.boot.autoconfigure.web.ResourceProperties': no URL paths identified
2018-04-26 15:44:44.210 DEBUG 17424 --- [main] o.s.w.s.h.BeanNameUrlHandlerMapping      : Rejected bean name 'org.springframework.boot.autoconfigure.web.servlet.WebMvcAutoConfiguration$WebMvcAutoConfigurationAdapter$FaviconConfiguration': no URL paths identified
2018-04-26 15:44:44.210 DEBUG 17424 --- [main] o.s.w.s.h.BeanNameUrlHandlerMapping      : Rejected bean name 'faviconHandlerMapping': no URL paths identified
2018-04-26 15:44:44.211 DEBUG 17424 --- [main] o.s.w.s.h.BeanNameUrlHandlerMapping      : Rejected bean name 'faviconRequestHandler': no URL paths identified
2018-04-26 15:44:44.211 DEBUG 17424 --- [main] o.s.w.s.h.BeanNameUrlHandlerMapping      : Rejected bean name 'org.springframework.boot.autoconfigure.web.servlet.WebMvcAutoConfiguration$EnableWebMvcConfiguration': no URL paths identified
2018-04-26 15:44:44.211 DEBUG 17424 --- [main] o.s.w.s.h.BeanNameUrlHandlerMapping      : Rejected bean name 'requestMappingHandlerAdapter': no URL paths identified
2018-04-26 15:44:44.211 DEBUG 17424 --- [main] o.s.w.s.h.BeanNameUrlHandlerMapping      : Rejected bean name 'requestMappingHandlerMapping': no URL paths identified
2018-04-26 15:44:44.211 DEBUG 17424 --- [main] o.s.w.s.h.BeanNameUrlHandlerMapping      : Rejected bean name 'mvcConversionService': no URL paths identified
2018-04-26 15:44:44.211 DEBUG 17424 --- [main] o.s.w.s.h.BeanNameUrlHandlerMapping      : Rejected bean name 'mvcValidator': no URL paths identified
2018-04-26 15:44:44.211 DEBUG 17424 --- [main] o.s.w.s.h.BeanNameUrlHandlerMapping      : Rejected bean name 'mvcContentNegotiationManager': no URL paths identified
2018-04-26 15:44:44.211 DEBUG 17424 --- [main] o.s.w.s.h.BeanNameUrlHandlerMapping      : Rejected bean name 'mvcPathMatcher': no URL paths identified
2018-04-26 15:44:44.212 DEBUG 17424 --- [main] o.s.w.s.h.BeanNameUrlHandlerMapping      : Rejected bean name 'mvcUrlPathHelper': no URL paths identified
2018-04-26 15:44:44.212 DEBUG 17424 --- [main] o.s.w.s.h.BeanNameUrlHandlerMapping      : Rejected bean name 'viewControllerHandlerMapping': no URL paths identified
2018-04-26 15:44:44.212 DEBUG 17424 --- [main] o.s.w.s.h.BeanNameUrlHandlerMapping      : Rejected bean name 'beanNameHandlerMapping': no URL paths identified
2018-04-26 15:44:44.212 DEBUG 17424 --- [main] o.s.w.s.h.BeanNameUrlHandlerMapping      : Rejected bean name 'resourceHandlerMapping': no URL paths identified
2018-04-26 15:44:44.212 DEBUG 17424 --- [main] o.s.w.s.h.BeanNameUrlHandlerMapping      : Rejected bean name 'mvcResourceUrlProvider': no URL paths identified
2018-04-26 15:44:44.212 DEBUG 17424 --- [main] o.s.w.s.h.BeanNameUrlHandlerMapping      : Rejected bean name 'defaultServletHandlerMapping': no URL paths identified
2018-04-26 15:44:44.212 DEBUG 17424 --- [main] o.s.w.s.h.BeanNameUrlHandlerMapping      : Rejected bean name 'mvcUriComponentsContributor': no URL paths identified
2018-04-26 15:44:44.212 DEBUG 17424 --- [main] o.s.w.s.h.BeanNameUrlHandlerMapping      : Rejected bean name 'httpRequestHandlerAdapter': no URL paths identified
2018-04-26 15:44:44.212 DEBUG 17424 --- [main] o.s.w.s.h.BeanNameUrlHandlerMapping      : Rejected bean name 'simpleControllerHandlerAdapter': no URL paths identified
2018-04-26 15:44:44.212 DEBUG 17424 --- [main] o.s.w.s.h.BeanNameUrlHandlerMapping      : Rejected bean name 'handlerExceptionResolver': no URL paths identified
2018-04-26 15:44:44.212 DEBUG 17424 --- [main] o.s.w.s.h.BeanNameUrlHandlerMapping      : Rejected bean name 'mvcViewResolver': no URL paths identified
2018-04-26 15:44:44.212 DEBUG 17424 --- [main] o.s.w.s.h.BeanNameUrlHandlerMapping      : Rejected bean name 'mvcHandlerMappingIntrospector': no URL paths identified
2018-04-26 15:44:44.213 DEBUG 17424 --- [main] o.s.w.s.h.BeanNameUrlHandlerMapping      : Rejected bean name 'org.springframework.boot.autoconfigure.web.servlet.WebMvcAutoConfiguration$WebMvcAutoConfigurationAdapter': no URL paths identified
2018-04-26 15:44:44.213 DEBUG 17424 --- [main] o.s.w.s.h.BeanNameUrlHandlerMapping      : Rejected bean name 'defaultViewResolver': no URL paths identified
2018-04-26 15:44:44.213 DEBUG 17424 --- [main] o.s.w.s.h.BeanNameUrlHandlerMapping      : Rejected bean name 'viewResolver': no URL paths identified
2018-04-26 15:44:44.213 DEBUG 17424 --- [main] o.s.w.s.h.BeanNameUrlHandlerMapping      : Rejected bean name 'welcomePageHandlerMapping': no URL paths identified
2018-04-26 15:44:44.213 DEBUG 17424 --- [main] o.s.w.s.h.BeanNameUrlHandlerMapping      : Rejected bean name 'requestContextFilter': no URL paths identified
2018-04-26 15:44:44.213 DEBUG 17424 --- [main] o.s.w.s.h.BeanNameUrlHandlerMapping      : Rejected bean name 'org.springframework.boot.autoconfigure.web.servlet.WebMvcAutoConfiguration': no URL paths identified
2018-04-26 15:44:44.213 DEBUG 17424 --- [main] o.s.w.s.h.BeanNameUrlHandlerMapping      : Rejected bean name 'hiddenHttpMethodFilter': no URL paths identified
2018-04-26 15:44:44.213 DEBUG 17424 --- [main] o.s.w.s.h.BeanNameUrlHandlerMapping      : Rejected bean name 'httpPutFormContentFilter': no URL paths identified
2018-04-26 15:44:44.213 DEBUG 17424 --- [main] o.s.w.s.h.BeanNameUrlHandlerMapping      : Rejected bean name 'org.springframework.boot.actuate.autoconfigure.audit.AuditAutoConfiguration$AuditEventRepositoryConfiguration': no URL paths identified
2018-04-26 15:44:44.213 DEBUG 17424 --- [main] o.s.w.s.h.BeanNameUrlHandlerMapping      : Rejected bean name 'auditEventRepository': no URL paths identified
2018-04-26 15:44:44.214 DEBUG 17424 --- [main] o.s.w.s.h.BeanNameUrlHandlerMapping      : Rejected bean name 'org.springframework.boot.actuate.autoconfigure.audit.AuditAutoConfiguration': no URL paths identified
2018-04-26 15:44:44.214 DEBUG 17424 --- [main] o.s.w.s.h.BeanNameUrlHandlerMapping      : Rejected bean name 'auditListener': no URL paths identified
2018-04-26 15:44:44.214 DEBUG 17424 --- [main] o.s.w.s.h.BeanNameUrlHandlerMapping      : Rejected bean name 'org.springframework.boot.actuate.autoconfigure.audit.AuditEventsEndpointAutoConfiguration': no URL paths identified
2018-04-26 15:44:44.214 DEBUG 17424 --- [main] o.s.w.s.h.BeanNameUrlHandlerMapping      : Rejected bean name 'auditEventsEndpoint': no URL paths identified
2018-04-26 15:44:44.214 DEBUG 17424 --- [main] o.s.w.s.h.BeanNameUrlHandlerMapping      : Rejected bean name 'org.springframework.boot.actuate.autoconfigure.beans.BeansEndpointAutoConfiguration': no URL paths identified
2018-04-26 15:44:44.214 DEBUG 17424 --- [main] o.s.w.s.h.BeanNameUrlHandlerMapping      : Rejected bean name 'beansEndpoint': no URL paths identified
2018-04-26 15:44:44.214 DEBUG 17424 --- [main] o.s.w.s.h.BeanNameUrlHandlerMapping      : Rejected bean name 'org.springframework.boot.actuate.autoconfigure.elasticsearch.ElasticsearchHealthIndicatorAutoConfiguration': no URL paths identified
2018-04-26 15:44:44.215 DEBUG 17424 --- [main] o.s.w.s.h.BeanNameUrlHandlerMapping      : Rejected bean name 'org.springframework.boot.actuate.autoconfigure.system.DiskSpaceHealthIndicatorAutoConfiguration': no URL paths identified
2018-04-26 15:44:44.215 DEBUG 17424 --- [main] o.s.w.s.h.BeanNameUrlHandlerMapping      : Rejected bean name 'diskSpaceHealthIndicator': no URL paths identified
2018-04-26 15:44:44.215 DEBUG 17424 --- [main] o.s.w.s.h.BeanNameUrlHandlerMapping      : Rejected bean name 'diskSpaceHealthIndicatorProperties': no URL paths identified
2018-04-26 15:44:44.215 DEBUG 17424 --- [main] o.s.w.s.h.BeanNameUrlHandlerMapping      : Rejected bean name 'org.springframework.boot.actuate.autoconfigure.mongo.MongoHealthIndicatorAutoConfiguration': no URL paths identified
2018-04-26 15:44:44.215 DEBUG 17424 --- [main] o.s.w.s.h.BeanNameUrlHandlerMapping      : Rejected bean name 'org.springframework.boot.actuate.autoconfigure.redis.RedisHealthIndicatorAutoConfiguration': no URL paths identified
2018-04-26 15:44:44.215 DEBUG 17424 --- [main] o.s.w.s.h.BeanNameUrlHandlerMapping      : Rejected bean name 'org.springframework.boot.actuate.autoconfigure.health.HealthIndicatorAutoConfiguration': no URL paths identified
2018-04-26 15:44:44.215 DEBUG 17424 --- [main] o.s.w.s.h.BeanNameUrlHandlerMapping      : Rejected bean name 'healthAggregator': no URL paths identified
2018-04-26 15:44:44.215 DEBUG 17424 --- [main] o.s.w.s.h.BeanNameUrlHandlerMapping      : Rejected bean name 'management.health.status-org.springframework.boot.actuate.autoconfigure.health.HealthIndicatorProperties': no URL paths identified
2018-04-26 15:44:44.215 DEBUG 17424 --- [main] o.s.w.s.h.BeanNameUrlHandlerMapping      : Rejected bean name 'org.springframework.boot.actuate.autoconfigure.health.HealthEndpointConfiguration': no URL paths identified
2018-04-26 15:44:44.215 DEBUG 17424 --- [main] o.s.w.s.h.BeanNameUrlHandlerMapping      : Rejected bean name 'healthEndpoint': no URL paths identified
2018-04-26 15:44:44.216 DEBUG 17424 --- [main] o.s.w.s.h.BeanNameUrlHandlerMapping      : Rejected bean name 'org.springframework.boot.actuate.autoconfigure.health.HealthEndpointWebExtensionConfiguration$ServletWebHealthConfiguration': no URL paths identified
2018-04-26 15:44:44.219 DEBUG 17424 --- [main] o.s.w.s.h.BeanNameUrlHandlerMapping      : Rejected bean name 'healthEndpointWebExtension': no URL paths identified
2018-04-26 15:44:44.219 DEBUG 17424 --- [main] o.s.w.s.h.BeanNameUrlHandlerMapping      : Rejected bean name 'org.springframework.boot.actuate.autoconfigure.health.HealthEndpointWebExtensionConfiguration': no URL paths identified
2018-04-26 15:44:44.219 DEBUG 17424 --- [main] o.s.w.s.h.BeanNameUrlHandlerMapping      : Rejected bean name 'createHealthStatusHttpMapper': no URL paths identified
2018-04-26 15:44:44.219 DEBUG 17424 --- [main] o.s.w.s.h.BeanNameUrlHandlerMapping      : Rejected bean name 'healthWebEndpointResponseMapper': no URL paths identified
2018-04-26 15:44:44.219 DEBUG 17424 --- [main] o.s.w.s.h.BeanNameUrlHandlerMapping      : Rejected bean name 'org.springframework.boot.actuate.autoconfigure.health.HealthEndpointAutoConfiguration': no URL paths identified
2018-04-26 15:44:44.219 DEBUG 17424 --- [main] o.s.w.s.h.BeanNameUrlHandlerMapping      : Rejected bean name 'management.endpoint.health-org.springframework.boot.actuate.autoconfigure.health.HealthEndpointProperties': no URL paths identified
2018-04-26 15:44:44.219 DEBUG 17424 --- [main] o.s.w.s.h.BeanNameUrlHandlerMapping      : Rejected bean name 'org.springframework.boot.actuate.autoconfigure.web.servlet.ServletManagementContextAutoConfiguration': no URL paths identified
2018-04-26 15:44:44.219 DEBUG 17424 --- [main] o.s.w.s.h.BeanNameUrlHandlerMapping      : Rejected bean name 'servletWebChildContextFactory': no URL paths identified
2018-04-26 15:44:44.219 DEBUG 17424 --- [main] o.s.w.s.h.BeanNameUrlHandlerMapping      : Rejected bean name 'managementServletContext': no URL paths identified
2018-04-26 15:44:44.220 DEBUG 17424 --- [main] o.s.w.s.h.BeanNameUrlHandlerMapping      : Rejected bean name 'org.springframework.boot.actuate.autoconfigure.condition.ConditionsReportEndpointAutoConfiguration': no URL paths identified
2018-04-26 15:44:44.220 DEBUG 17424 --- [main] o.s.w.s.h.BeanNameUrlHandlerMapping      : Rejected bean name 'conditionsReportEndpoint': no URL paths identified
2018-04-26 15:44:44.220 DEBUG 17424 --- [main] o.s.w.s.h.BeanNameUrlHandlerMapping      : Rejected bean name 'org.springframework.boot.actuate.autoconfigure.context.ShutdownEndpointAutoConfiguration': no URL paths identified
2018-04-26 15:44:44.220 DEBUG 17424 --- [main] o.s.w.s.h.BeanNameUrlHandlerMapping      : Rejected bean name 'org.springframework.boot.actuate.autoconfigure.context.properties.ConfigurationPropertiesReportEndpointAutoConfiguration': no URL paths identified
2018-04-26 15:44:44.220 DEBUG 17424 --- [main] o.s.w.s.h.BeanNameUrlHandlerMapping      : Rejected bean name 'configurationPropertiesReportEndpoint': no URL paths identified
2018-04-26 15:44:44.220 DEBUG 17424 --- [main] o.s.w.s.h.BeanNameUrlHandlerMapping      : Rejected bean name 'management.endpoint.configprops-org.springframework.boot.actuate.autoconfigure.context.properties.ConfigurationPropertiesReportEndpointProperties': no URL paths identified
2018-04-26 15:44:44.224 DEBUG 17424 --- [main] o.s.w.s.h.BeanNameUrlHandlerMapping      : Rejected bean name 'org.springframework.boot.actuate.autoconfigure.endpoint.EndpointAutoConfiguration': no URL paths identified
2018-04-26 15:44:44.224 DEBUG 17424 --- [main] o.s.w.s.h.BeanNameUrlHandlerMapping      : Rejected bean name 'endpointOperationParameterMapper': no URL paths identified
2018-04-26 15:44:44.224 DEBUG 17424 --- [main] o.s.w.s.h.BeanNameUrlHandlerMapping      : Rejected bean name 'endpointCachingOperationInvokerAdvisor': no URL paths identified
2018-04-26 15:44:44.224 DEBUG 17424 --- [main] o.s.w.s.h.BeanNameUrlHandlerMapping      : Rejected bean name 'org.springframework.boot.autoconfigure.jmx.JmxAutoConfiguration': no URL paths identified
2018-04-26 15:44:44.224 DEBUG 17424 --- [main] o.s.w.s.h.BeanNameUrlHandlerMapping      : Rejected bean name 'mbeanExporter': no URL paths identified
2018-04-26 15:44:44.225 DEBUG 17424 --- [main] o.s.w.s.h.BeanNameUrlHandlerMapping      : Rejected bean name 'objectNamingStrategy': no URL paths identified
2018-04-26 15:44:44.225 DEBUG 17424 --- [main] o.s.w.s.h.BeanNameUrlHandlerMapping      : Rejected bean name 'mbeanServer': no URL paths identified
2018-04-26 15:44:44.225 DEBUG 17424 --- [main] o.s.w.s.h.BeanNameUrlHandlerMapping      : Rejected bean name 'org.springframework.boot.actuate.autoconfigure.endpoint.jmx.JmxEndpointAutoConfiguration': no URL paths identified
2018-04-26 15:44:44.225 DEBUG 17424 --- [main] o.s.w.s.h.BeanNameUrlHandlerMapping      : Rejected bean name 'jmxAnnotationEndpointDiscoverer': no URL paths identified
2018-04-26 15:44:44.225 DEBUG 17424 --- [main] o.s.w.s.h.BeanNameUrlHandlerMapping      : Rejected bean name 'jmxMBeanExporter': no URL paths identified
2018-04-26 15:44:44.225 DEBUG 17424 --- [main] o.s.w.s.h.BeanNameUrlHandlerMapping      : Rejected bean name 'jmxIncludeExcludePropertyEndpointFilter': no URL paths identified
2018-04-26 15:44:44.225 DEBUG 17424 --- [main] o.s.w.s.h.BeanNameUrlHandlerMapping      : Rejected bean name 'management.endpoints.jmx-org.springframework.boot.actuate.autoconfigure.endpoint.jmx.JmxEndpointProperties': no URL paths identified
2018-04-26 15:44:44.225 DEBUG 17424 --- [main] o.s.w.s.h.BeanNameUrlHandlerMapping      : Rejected bean name 'org.springframework.boot.actuate.autoconfigure.endpoint.web.WebEndpointAutoConfiguration$WebEndpointServletAutoConfiguration': no URL paths identified
2018-04-26 15:44:44.225 DEBUG 17424 --- [main] o.s.w.s.h.BeanNameUrlHandlerMapping      : Rejected bean name 'servletEndpointDiscoverer': no URL paths identified
2018-04-26 15:44:44.225 DEBUG 17424 --- [main] o.s.w.s.h.BeanNameUrlHandlerMapping      : Rejected bean name 'org.springframework.boot.actuate.autoconfigure.endpoint.web.WebEndpointAutoConfiguration': no URL paths identified
2018-04-26 15:44:44.225 DEBUG 17424 --- [main] o.s.w.s.h.BeanNameUrlHandlerMapping      : Rejected bean name 'webEndpointPathMapper': no URL paths identified
2018-04-26 15:44:44.225 DEBUG 17424 --- [main] o.s.w.s.h.BeanNameUrlHandlerMapping      : Rejected bean name 'endpointMediaTypes': no URL paths identified
2018-04-26 15:44:44.225 DEBUG 17424 --- [main] o.s.w.s.h.BeanNameUrlHandlerMapping      : Rejected bean name 'webEndpointDiscoverer': no URL paths identified
2018-04-26 15:44:44.225 DEBUG 17424 --- [main] o.s.w.s.h.BeanNameUrlHandlerMapping      : Rejected bean name 'controllerEndpointDiscoverer': no URL paths identified
2018-04-26 15:44:44.225 DEBUG 17424 --- [main] o.s.w.s.h.BeanNameUrlHandlerMapping      : Rejected bean name 'pathMappedEndpoints': no URL paths identified
2018-04-26 15:44:44.225 DEBUG 17424 --- [main] o.s.w.s.h.BeanNameUrlHandlerMapping      : Rejected bean name 'webExposeExcludePropertyEndpointFilter': no URL paths identified
2018-04-26 15:44:44.225 DEBUG 17424 --- [main] o.s.w.s.h.BeanNameUrlHandlerMapping      : Rejected bean name 'controllerExposeExcludePropertyEndpointFilter': no URL paths identified
2018-04-26 15:44:44.225 DEBUG 17424 --- [main] o.s.w.s.h.BeanNameUrlHandlerMapping      : Rejected bean name 'management.endpoints.web-org.springframework.boot.actuate.autoconfigure.endpoint.web.WebEndpointProperties': no URL paths identified
2018-04-26 15:44:44.226 DEBUG 17424 --- [main] o.s.w.s.h.BeanNameUrlHandlerMapping      : Rejected bean name 'org.springframework.boot.actuate.autoconfigure.env.EnvironmentEndpointAutoConfiguration': no URL paths identified
2018-04-26 15:44:44.226 DEBUG 17424 --- [main] o.s.w.s.h.BeanNameUrlHandlerMapping      : Rejected bean name 'environmentEndpoint': no URL paths identified
2018-04-26 15:44:44.226 DEBUG 17424 --- [main] o.s.w.s.h.BeanNameUrlHandlerMapping      : Rejected bean name 'environmentWebEndpointExtension': no URL paths identified
2018-04-26 15:44:44.226 DEBUG 17424 --- [main] o.s.w.s.h.BeanNameUrlHandlerMapping      : Rejected bean name 'management.endpoint.env-org.springframework.boot.actuate.autoconfigure.env.EnvironmentEndpointProperties': no URL paths identified
2018-04-26 15:44:44.226 DEBUG 17424 --- [main] o.s.w.s.h.BeanNameUrlHandlerMapping      : Rejected bean name 'org.springframework.boot.autoconfigure.info.ProjectInfoAutoConfiguration': no URL paths identified
2018-04-26 15:44:44.226 DEBUG 17424 --- [main] o.s.w.s.h.BeanNameUrlHandlerMapping      : Rejected bean name 'spring.info-org.springframework.boot.autoconfigure.info.ProjectInfoProperties': no URL paths identified
2018-04-26 15:44:44.226 DEBUG 17424 --- [main] o.s.w.s.h.BeanNameUrlHandlerMapping      : Rejected bean name 'org.springframework.boot.actuate.autoconfigure.info.InfoContributorAutoConfiguration': no URL paths identified
2018-04-26 15:44:44.226 DEBUG 17424 --- [main] o.s.w.s.h.BeanNameUrlHandlerMapping      : Rejected bean name 'envInfoContributor': no URL paths identified
2018-04-26 15:44:44.226 DEBUG 17424 --- [main] o.s.w.s.h.BeanNameUrlHandlerMapping      : Rejected bean name 'management.info-org.springframework.boot.actuate.autoconfigure.info.InfoContributorProperties': no URL paths identified
2018-04-26 15:44:44.226 DEBUG 17424 --- [main] o.s.w.s.h.BeanNameUrlHandlerMapping      : Rejected bean name 'org.springframework.boot.actuate.autoconfigure.info.InfoEndpointAutoConfiguration': no URL paths identified
2018-04-26 15:44:44.227 DEBUG 17424 --- [main] o.s.w.s.h.BeanNameUrlHandlerMapping      : Rejected bean name 'infoEndpoint': no URL paths identified
2018-04-26 15:44:44.227 DEBUG 17424 --- [main] o.s.w.s.h.BeanNameUrlHandlerMapping      : Rejected bean name 'org.springframework.boot.actuate.autoconfigure.logging.LogFileWebEndpointAutoConfiguration': no URL paths identified
2018-04-26 15:44:44.227 DEBUG 17424 --- [main] o.s.w.s.h.BeanNameUrlHandlerMapping      : Rejected bean name 'logFileWebEndpoint': no URL paths identified
2018-04-26 15:44:44.227 DEBUG 17424 --- [main] o.s.w.s.h.BeanNameUrlHandlerMapping      : Rejected bean name 'management.endpoint.logfile-org.springframework.boot.actuate.autoconfigure.logging.LogFileWebEndpointProperties': no URL paths identified
2018-04-26 15:44:44.227 DEBUG 17424 --- [main] o.s.w.s.h.BeanNameUrlHandlerMapping      : Rejected bean name 'org.springframework.boot.actuate.autoconfigure.logging.LoggersEndpointAutoConfiguration': no URL paths identified
2018-04-26 15:44:44.227 DEBUG 17424 --- [main] o.s.w.s.h.BeanNameUrlHandlerMapping      : Rejected bean name 'loggersEndpoint': no URL paths identified
2018-04-26 15:44:44.227 DEBUG 17424 --- [main] o.s.w.s.h.BeanNameUrlHandlerMapping      : Rejected bean name 'org.springframework.boot.actuate.autoconfigure.management.HeapDumpWebEndpointAutoConfiguration': no URL paths identified
2018-04-26 15:44:44.227 DEBUG 17424 --- [main] o.s.w.s.h.BeanNameUrlHandlerMapping      : Rejected bean name 'heapDumpWebEndpoint': no URL paths identified
2018-04-26 15:44:44.227 DEBUG 17424 --- [main] o.s.w.s.h.BeanNameUrlHandlerMapping      : Rejected bean name 'org.springframework.boot.actuate.autoconfigure.management.ThreadDumpEndpointAutoConfiguration': no URL paths identified
2018-04-26 15:44:44.227 DEBUG 17424 --- [main] o.s.w.s.h.BeanNameUrlHandlerMapping      : Rejected bean name 'dumpEndpoint': no URL paths identified
2018-04-26 15:44:44.227 DEBUG 17424 --- [main] o.s.w.s.h.BeanNameUrlHandlerMapping      : Rejected bean name 'org.springframework.boot.actuate.autoconfigure.metrics.MetricsAutoConfiguration$MeterBindersConfiguration': no URL paths identified
2018-04-26 15:44:44.227 DEBUG 17424 --- [main] o.s.w.s.h.BeanNameUrlHandlerMapping      : Rejected bean name 'logbackMetrics': no URL paths identified
2018-04-26 15:44:44.227 DEBUG 17424 --- [main] o.s.w.s.h.BeanNameUrlHandlerMapping      : Rejected bean name 'uptimeMetrics': no URL paths identified
2018-04-26 15:44:44.227 DEBUG 17424 --- [main] o.s.w.s.h.BeanNameUrlHandlerMapping      : Rejected bean name 'processorMetrics': no URL paths identified
2018-04-26 15:44:44.227 DEBUG 17424 --- [main] o.s.w.s.h.BeanNameUrlHandlerMapping      : Rejected bean name 'fileDescriptorMetrics': no URL paths identified
2018-04-26 15:44:44.227 DEBUG 17424 --- [main] o.s.w.s.h.BeanNameUrlHandlerMapping      : Rejected bean name 'org.springframework.boot.actuate.autoconfigure.metrics.MetricsAutoConfiguration$JvmMeterBindersConfiguration': no URL paths identified
2018-04-26 15:44:44.228 DEBUG 17424 --- [main] o.s.w.s.h.BeanNameUrlHandlerMapping      : Rejected bean name 'jvmGcMetrics': no URL paths identified
2018-04-26 15:44:44.228 DEBUG 17424 --- [main] o.s.w.s.h.BeanNameUrlHandlerMapping      : Rejected bean name 'jvmMemoryMetrics': no URL paths identified
2018-04-26 15:44:44.228 DEBUG 17424 --- [main] o.s.w.s.h.BeanNameUrlHandlerMapping      : Rejected bean name 'jvmThreadMetrics': no URL paths identified
2018-04-26 15:44:44.228 DEBUG 17424 --- [main] o.s.w.s.h.BeanNameUrlHandlerMapping      : Rejected bean name 'classLoaderMetrics': no URL paths identified
2018-04-26 15:44:44.228 DEBUG 17424 --- [main] o.s.w.s.h.BeanNameUrlHandlerMapping      : Rejected bean name 'org.springframework.boot.actuate.autoconfigure.metrics.MetricsAutoConfiguration': no URL paths identified
2018-04-26 15:44:44.228 DEBUG 17424 --- [main] o.s.w.s.h.BeanNameUrlHandlerMapping      : Rejected bean name 'micrometerClock': no URL paths identified
2018-04-26 15:44:44.228 DEBUG 17424 --- [main] o.s.w.s.h.BeanNameUrlHandlerMapping      : Rejected bean name 'meterRegistryPostProcessor': no URL paths identified
2018-04-26 15:44:44.228 DEBUG 17424 --- [main] o.s.w.s.h.BeanNameUrlHandlerMapping      : Rejected bean name 'propertiesMeterFilter': no URL paths identified
2018-04-26 15:44:44.228 DEBUG 17424 --- [main] o.s.w.s.h.BeanNameUrlHandlerMapping      : Rejected bean name 'management.metrics-org.springframework.boot.actuate.autoconfigure.metrics.MetricsProperties': no URL paths identified
2018-04-26 15:44:44.228 DEBUG 17424 --- [main] o.s.w.s.h.BeanNameUrlHandlerMapping      : Rejected bean name 'org.springframework.boot.actuate.autoconfigure.metrics.export.simple.SimpleMetricsExportAutoConfiguration': no URL paths identified
2018-04-26 15:44:44.228 DEBUG 17424 --- [main] o.s.w.s.h.BeanNameUrlHandlerMapping      : Rejected bean name 'simpleMeterRegistry': no URL paths identified
2018-04-26 15:44:44.228 DEBUG 17424 --- [main] o.s.w.s.h.BeanNameUrlHandlerMapping      : Rejected bean name 'simpleConfig': no URL paths identified
2018-04-26 15:44:44.228 DEBUG 17424 --- [main] o.s.w.s.h.BeanNameUrlHandlerMapping      : Rejected bean name 'management.metrics.export.simple-org.springframework.boot.actuate.autoconfigure.metrics.export.simple.SimpleProperties': no URL paths identified
2018-04-26 15:44:44.228 DEBUG 17424 --- [main] o.s.w.s.h.BeanNameUrlHandlerMapping      : Rejected bean name 'org.springframework.boot.actuate.autoconfigure.metrics.CompositeMeterRegistryAutoConfiguration': no URL paths identified
2018-04-26 15:44:44.228 DEBUG 17424 --- [main] o.s.w.s.h.BeanNameUrlHandlerMapping      : Rejected bean name 'org.springframework.boot.actuate.autoconfigure.metrics.MetricsEndpointAutoConfiguration': no URL paths identified
2018-04-26 15:44:44.228 DEBUG 17424 --- [main] o.s.w.s.h.BeanNameUrlHandlerMapping      : Rejected bean name 'metricsEndpoint': no URL paths identified
2018-04-26 15:44:44.228 DEBUG 17424 --- [main] o.s.w.s.h.BeanNameUrlHandlerMapping      : Rejected bean name 'org.springframework.boot.autoconfigure.jackson.JacksonAutoConfiguration$Jackson2ObjectMapperBuilderCustomizerConfiguration': no URL paths identified
2018-04-26 15:44:44.228 DEBUG 17424 --- [main] o.s.w.s.h.BeanNameUrlHandlerMapping      : Rejected bean name 'standardJacksonObjectMapperBuilderCustomizer': no URL paths identified
2018-04-26 15:44:44.228 DEBUG 17424 --- [main] o.s.w.s.h.BeanNameUrlHandlerMapping      : Rejected bean name 'spring.jackson-org.springframework.boot.autoconfigure.jackson.JacksonProperties': no URL paths identified
2018-04-26 15:44:44.229 DEBUG 17424 --- [main] o.s.w.s.h.BeanNameUrlHandlerMapping      : Rejected bean name 'org.springframework.boot.autoconfigure.jackson.JacksonAutoConfiguration$JacksonObjectMapperBuilderConfiguration': no URL paths identified
2018-04-26 15:44:44.229 DEBUG 17424 --- [main] o.s.w.s.h.BeanNameUrlHandlerMapping      : Rejected bean name 'jacksonObjectMapperBuilder': no URL paths identified
2018-04-26 15:44:44.229 DEBUG 17424 --- [main] o.s.w.s.h.BeanNameUrlHandlerMapping      : Rejected bean name 'org.springframework.boot.autoconfigure.jackson.JacksonAutoConfiguration$ParameterNamesModuleConfiguration': no URL paths identified
2018-04-26 15:44:44.229 DEBUG 17424 --- [main] o.s.w.s.h.BeanNameUrlHandlerMapping      : Rejected bean name 'parameterNamesModule': no URL paths identified
2018-04-26 15:44:44.230 DEBUG 17424 --- [main] o.s.w.s.h.BeanNameUrlHandlerMapping      : Rejected bean name 'org.springframework.boot.autoconfigure.jackson.JacksonAutoConfiguration$JacksonObjectMapperConfiguration': no URL paths identified
2018-04-26 15:44:44.230 DEBUG 17424 --- [main] o.s.w.s.h.BeanNameUrlHandlerMapping      : Rejected bean name 'jacksonObjectMapper': no URL paths identified
2018-04-26 15:44:44.230 DEBUG 17424 --- [main] o.s.w.s.h.BeanNameUrlHandlerMapping      : Rejected bean name 'org.springframework.boot.autoconfigure.jackson.JacksonAutoConfiguration': no URL paths identified
2018-04-26 15:44:44.230 DEBUG 17424 --- [main] o.s.w.s.h.BeanNameUrlHandlerMapping      : Rejected bean name 'jsonComponentModule': no URL paths identified
2018-04-26 15:44:44.230 DEBUG 17424 --- [main] o.s.w.s.h.BeanNameUrlHandlerMapping      : Rejected bean name 'org.springframework.boot.autoconfigure.http.HttpMessageConvertersAutoConfiguration$StringHttpMessageConverterConfiguration': no URL paths identified
2018-04-26 15:44:44.230 DEBUG 17424 --- [main] o.s.w.s.h.BeanNameUrlHandlerMapping      : Rejected bean name 'stringHttpMessageConverter': no URL paths identified
2018-04-26 15:44:44.230 DEBUG 17424 --- [main] o.s.w.s.h.BeanNameUrlHandlerMapping      : Rejected bean name 'spring.http.encoding-org.springframework.boot.autoconfigure.http.HttpEncodingProperties': no URL paths identified
2018-04-26 15:44:44.230 DEBUG 17424 --- [main] o.s.w.s.h.BeanNameUrlHandlerMapping      : Rejected bean name 'org.springframework.boot.autoconfigure.http.JacksonHttpMessageConvertersConfiguration$MappingJackson2HttpMessageConverterConfiguration': no URL paths identified
2018-04-26 15:44:44.230 DEBUG 17424 --- [main] o.s.w.s.h.BeanNameUrlHandlerMapping      : Rejected bean name 'mappingJackson2HttpMessageConverter': no URL paths identified
2018-04-26 15:44:44.230 DEBUG 17424 --- [main] o.s.w.s.h.BeanNameUrlHandlerMapping      : Rejected bean name 'org.springframework.boot.autoconfigure.http.JacksonHttpMessageConvertersConfiguration': no URL paths identified
2018-04-26 15:44:44.230 DEBUG 17424 --- [main] o.s.w.s.h.BeanNameUrlHandlerMapping      : Rejected bean name 'org.springframework.boot.autoconfigure.http.HttpMessageConvertersAutoConfiguration': no URL paths identified
2018-04-26 15:44:44.230 DEBUG 17424 --- [main] o.s.w.s.h.BeanNameUrlHandlerMapping      : Rejected bean name 'messageConverters': no URL paths identified
2018-04-26 15:44:44.230 DEBUG 17424 --- [main] o.s.w.s.h.BeanNameUrlHandlerMapping      : Rejected bean name 'org.springframework.boot.autoconfigure.web.client.RestTemplateAutoConfiguration': no URL paths identified
2018-04-26 15:44:44.230 DEBUG 17424 --- [main] o.s.w.s.h.BeanNameUrlHandlerMapping      : Rejected bean name 'restTemplateBuilder': no URL paths identified
2018-04-26 15:44:44.230 DEBUG 17424 --- [main] o.s.w.s.h.BeanNameUrlHandlerMapping      : Rejected bean name 'org.springframework.boot.actuate.autoconfigure.metrics.web.client.RestTemplateMetricsAutoConfiguration': no URL paths identified
2018-04-26 15:44:44.231 DEBUG 17424 --- [main] o.s.w.s.h.BeanNameUrlHandlerMapping      : Rejected bean name 'restTemplateTagConfigurer': no URL paths identified
2018-04-26 15:44:44.231 DEBUG 17424 --- [main] o.s.w.s.h.BeanNameUrlHandlerMapping      : Rejected bean name 'metricsRestTemplateCustomizer': no URL paths identified
2018-04-26 15:44:44.231 DEBUG 17424 --- [main] o.s.w.s.h.BeanNameUrlHandlerMapping      : Rejected bean name 'metricsWebClientUriTagFilter': no URL paths identified
2018-04-26 15:44:44.231 DEBUG 17424 --- [main] o.s.w.s.h.BeanNameUrlHandlerMapping      : Rejected bean name 'org.springframework.boot.actuate.autoconfigure.metrics.web.servlet.WebMvcMetricsAutoConfiguration': no URL paths identified
2018-04-26 15:44:44.231 DEBUG 17424 --- [main] o.s.w.s.h.BeanNameUrlHandlerMapping      : Rejected bean name 'webMvcTagsProvider': no URL paths identified
2018-04-26 15:44:44.231 DEBUG 17424 --- [main] o.s.w.s.h.BeanNameUrlHandlerMapping      : Rejected bean name 'webMvcMetricsFilter': no URL paths identified
2018-04-26 15:44:44.231 DEBUG 17424 --- [main] o.s.w.s.h.BeanNameUrlHandlerMapping      : Rejected bean name 'org.springframework.boot.actuate.autoconfigure.metrics.web.tomcat.TomcatMetricsAutoConfiguration': no URL paths identified
2018-04-26 15:44:44.231 DEBUG 17424 --- [main] o.s.w.s.h.BeanNameUrlHandlerMapping      : Rejected bean name 'tomcatMetrics': no URL paths identified
2018-04-26 15:44:44.231 DEBUG 17424 --- [main] o.s.w.s.h.BeanNameUrlHandlerMapping      : Rejected bean name 'contextCapturingServletTomcatCustomizer': no URL paths identified
2018-04-26 15:44:44.231 DEBUG 17424 --- [main] o.s.w.s.h.BeanNameUrlHandlerMapping      : Rejected bean name 'org.springframework.boot.actuate.autoconfigure.scheduling.ScheduledTasksEndpointAutoConfiguration': no URL paths identified
2018-04-26 15:44:44.231 DEBUG 17424 --- [main] o.s.w.s.h.BeanNameUrlHandlerMapping      : Rejected bean name 'scheduledTasksEndpoint': no URL paths identified
2018-04-26 15:44:44.231 DEBUG 17424 --- [main] o.s.w.s.h.BeanNameUrlHandlerMapping      : Rejected bean name 'org.springframework.boot.actuate.autoconfigure.trace.http.HttpTraceAutoConfiguration$ServletTraceFilterConfiguration': no URL paths identified
2018-04-26 15:44:44.231 DEBUG 17424 --- [main] o.s.w.s.h.BeanNameUrlHandlerMapping      : Rejected bean name 'httpTraceFilter': no URL paths identified
2018-04-26 15:44:44.231 DEBUG 17424 --- [main] o.s.w.s.h.BeanNameUrlHandlerMapping      : Rejected bean name 'org.springframework.boot.actuate.autoconfigure.trace.http.HttpTraceAutoConfiguration': no URL paths identified
2018-04-26 15:44:44.231 DEBUG 17424 --- [main] o.s.w.s.h.BeanNameUrlHandlerMapping      : Rejected bean name 'traceRepository': no URL paths identified
2018-04-26 15:44:44.231 DEBUG 17424 --- [main] o.s.w.s.h.BeanNameUrlHandlerMapping      : Rejected bean name 'httpExchangeTracer': no URL paths identified
2018-04-26 15:44:44.231 DEBUG 17424 --- [main] o.s.w.s.h.BeanNameUrlHandlerMapping      : Rejected bean name 'management.trace.http-org.springframework.boot.actuate.autoconfigure.trace.http.HttpTraceProperties': no URL paths identified
2018-04-26 15:44:44.231 DEBUG 17424 --- [main] o.s.w.s.h.BeanNameUrlHandlerMapping      : Rejected bean name 'org.springframework.boot.actuate.autoconfigure.trace.http.HttpTraceEndpointAutoConfiguration': no URL paths identified
2018-04-26 15:44:44.231 DEBUG 17424 --- [main] o.s.w.s.h.BeanNameUrlHandlerMapping      : Rejected bean name 'httpTraceEndpoint': no URL paths identified
2018-04-26 15:44:44.231 DEBUG 17424 --- [main] o.s.w.s.h.BeanNameUrlHandlerMapping      : Rejected bean name 'org.springframework.boot.actuate.autoconfigure.web.mappings.MappingsEndpointAutoConfiguration$ServletWebConfiguration$SpringMvcConfiguration': no URL paths identified
2018-04-26 15:44:44.231 DEBUG 17424 --- [main] o.s.w.s.h.BeanNameUrlHandlerMapping      : Rejected bean name 'dispatcherServletMappingDescriptionProvider': no URL paths identified
2018-04-26 15:44:44.232 DEBUG 17424 --- [main] o.s.w.s.h.BeanNameUrlHandlerMapping      : Rejected bean name 'org.springframework.boot.actuate.autoconfigure.web.mappings.MappingsEndpointAutoConfiguration$ServletWebConfiguration': no URL paths identified
2018-04-26 15:44:44.232 DEBUG 17424 --- [main] o.s.w.s.h.BeanNameUrlHandlerMapping      : Rejected bean name 'servletMappingDescriptionProvider': no URL paths identified
2018-04-26 15:44:44.232 DEBUG 17424 --- [main] o.s.w.s.h.BeanNameUrlHandlerMapping      : Rejected bean name 'filterMappingDescriptionProvider': no URL paths identified
2018-04-26 15:44:44.232 DEBUG 17424 --- [main] o.s.w.s.h.BeanNameUrlHandlerMapping      : Rejected bean name 'org.springframework.boot.actuate.autoconfigure.web.mappings.MappingsEndpointAutoConfiguration': no URL paths identified
2018-04-26 15:44:44.232 DEBUG 17424 --- [main] o.s.w.s.h.BeanNameUrlHandlerMapping      : Rejected bean name 'mappingsEndpoint': no URL paths identified
2018-04-26 15:44:44.233 DEBUG 17424 --- [main] o.s.w.s.h.BeanNameUrlHandlerMapping      : Rejected bean name 'org.springframework.boot.autoconfigure.admin.SpringApplicationAdminJmxAutoConfiguration': no URL paths identified
2018-04-26 15:44:44.233 DEBUG 17424 --- [main] o.s.w.s.h.BeanNameUrlHandlerMapping      : Rejected bean name 'springApplicationAdminRegistrar': no URL paths identified
2018-04-26 15:44:44.233 DEBUG 17424 --- [main] o.s.w.s.h.BeanNameUrlHandlerMapping      : Rejected bean name 'org.springframework.boot.autoconfigure.context.ConfigurationPropertiesAutoConfiguration': no URL paths identified
2018-04-26 15:44:44.233 DEBUG 17424 --- [main] o.s.w.s.h.BeanNameUrlHandlerMapping      : Rejected bean name 'org.springframework.boot.autoconfigure.http.codec.CodecsAutoConfiguration$JacksonCodecConfiguration': no URL paths identified
2018-04-26 15:44:44.233 DEBUG 17424 --- [main] o.s.w.s.h.BeanNameUrlHandlerMapping      : Rejected bean name 'jacksonCodecCustomizer': no URL paths identified
2018-04-26 15:44:44.233 DEBUG 17424 --- [main] o.s.w.s.h.BeanNameUrlHandlerMapping      : Rejected bean name 'org.springframework.boot.autoconfigure.http.codec.CodecsAutoConfiguration': no URL paths identified
2018-04-26 15:44:44.233 DEBUG 17424 --- [main] o.s.w.s.h.BeanNameUrlHandlerMapping      : Rejected bean name 'org.springframework.boot.autoconfigure.security.reactive.ReactiveSecurityAutoConfiguration': no URL paths identified
2018-04-26 15:44:44.234 DEBUG 17424 --- [main] o.s.w.s.h.BeanNameUrlHandlerMapping      : Rejected bean name 'spring.security-org.springframework.boot.autoconfigure.security.SecurityProperties': no URL paths identified
2018-04-26 15:44:44.234 DEBUG 17424 --- [main] o.s.w.s.h.BeanNameUrlHandlerMapping      : Rejected bean name 'org.springframework.boot.autoconfigure.web.embedded.EmbeddedWebServerFactoryCustomizerAutoConfiguration$TomcatWebServerFactoryCustomizerConfiguration': no URL paths identified
2018-04-26 15:44:44.234 DEBUG 17424 --- [main] o.s.w.s.h.BeanNameUrlHandlerMapping      : Rejected bean name 'tomcatWebServerFactoryCustomizer': no URL paths identified
2018-04-26 15:44:44.234 DEBUG 17424 --- [main] o.s.w.s.h.BeanNameUrlHandlerMapping      : Rejected bean name 'org.springframework.boot.autoconfigure.web.embedded.EmbeddedWebServerFactoryCustomizerAutoConfiguration': no URL paths identified
2018-04-26 15:44:44.234 DEBUG 17424 --- [main] o.s.w.s.h.BeanNameUrlHandlerMapping      : Rejected bean name 'org.springframework.boot.autoconfigure.web.servlet.HttpEncodingAutoConfiguration': no URL paths identified
2018-04-26 15:44:44.234 DEBUG 17424 --- [main] o.s.w.s.h.BeanNameUrlHandlerMapping      : Rejected bean name 'characterEncodingFilter': no URL paths identified
2018-04-26 15:44:44.234 DEBUG 17424 --- [main] o.s.w.s.h.BeanNameUrlHandlerMapping      : Rejected bean name 'localeCharsetMappingsCustomizer': no URL paths identified
2018-04-26 15:44:44.234 DEBUG 17424 --- [main] o.s.w.s.h.BeanNameUrlHandlerMapping      : Rejected bean name 'org.springframework.boot.autoconfigure.web.servlet.MultipartAutoConfiguration': no URL paths identified
2018-04-26 15:44:44.234 DEBUG 17424 --- [main] o.s.w.s.h.BeanNameUrlHandlerMapping      : Rejected bean name 'multipartConfigElement': no URL paths identified
2018-04-26 15:44:44.234 DEBUG 17424 --- [main] o.s.w.s.h.BeanNameUrlHandlerMapping      : Rejected bean name 'multipartResolver': no URL paths identified
2018-04-26 15:44:44.234 DEBUG 17424 --- [main] o.s.w.s.h.BeanNameUrlHandlerMapping      : Rejected bean name 'spring.servlet.multipart-org.springframework.boot.autoconfigure.web.servlet.MultipartProperties': no URL paths identified
2018-04-26 15:44:44.234 DEBUG 17424 --- [main] o.s.w.s.h.BeanNameUrlHandlerMapping      : Rejected bean name 'org.springframework.cloud.autoconfigure.ConfigurationPropertiesRebinderAutoConfiguration': no URL paths identified
2018-04-26 15:44:44.234 DEBUG 17424 --- [main] o.s.w.s.h.BeanNameUrlHandlerMapping      : Rejected bean name 'configurationPropertiesBeans': no URL paths identified
2018-04-26 15:44:44.234 DEBUG 17424 --- [main] o.s.w.s.h.BeanNameUrlHandlerMapping      : Rejected bean name 'configurationPropertiesRebinder': no URL paths identified
2018-04-26 15:44:44.234 DEBUG 17424 --- [main] o.s.w.s.h.BeanNameUrlHandlerMapping      : Rejected bean name 'org.springframework.cloud.autoconfigure.RefreshAutoConfiguration$RefreshScopeBeanDefinitionEnhancer': no URL paths identified
2018-04-26 15:44:44.234 DEBUG 17424 --- [main] o.s.w.s.h.BeanNameUrlHandlerMapping      : Rejected bean name 'org.springframework.cloud.autoconfigure.RefreshAutoConfiguration$RefreshScopeConfiguration': no URL paths identified
2018-04-26 15:44:44.234 DEBUG 17424 --- [main] o.s.w.s.h.BeanNameUrlHandlerMapping      : Rejected bean name 'org.springframework.cloud.autoconfigure.RefreshAutoConfiguration': no URL paths identified
2018-04-26 15:44:44.235 DEBUG 17424 --- [main] o.s.w.s.h.BeanNameUrlHandlerMapping      : Rejected bean name 'loggingRebinder': no URL paths identified
2018-04-26 15:44:44.235 DEBUG 17424 --- [main] o.s.w.s.h.BeanNameUrlHandlerMapping      : Rejected bean name 'contextRefresher': no URL paths identified
2018-04-26 15:44:44.235 DEBUG 17424 --- [main] o.s.w.s.h.BeanNameUrlHandlerMapping      : Rejected bean name 'refreshEventListener': no URL paths identified
2018-04-26 15:44:44.235 DEBUG 17424 --- [main] o.s.w.s.h.BeanNameUrlHandlerMapping      : Rejected bean name 'org.springframework.cloud.autoconfigure.RefreshEndpointAutoConfiguration$RefreshEndpointConfiguration': no URL paths identified
2018-04-26 15:44:44.235 DEBUG 17424 --- [main] o.s.w.s.h.BeanNameUrlHandlerMapping      : Rejected bean name 'refreshEndpoint': no URL paths identified
2018-04-26 15:44:44.235 DEBUG 17424 --- [main] o.s.w.s.h.BeanNameUrlHandlerMapping      : Rejected bean name 'org.springframework.cloud.autoconfigure.RestartEndpointWithoutIntegrationConfiguration': no URL paths identified
2018-04-26 15:44:44.235 DEBUG 17424 --- [main] o.s.w.s.h.BeanNameUrlHandlerMapping      : Rejected bean name 'org.springframework.cloud.autoconfigure.PauseResumeEndpointsConfiguration': no URL paths identified
2018-04-26 15:44:44.235 DEBUG 17424 --- [main] o.s.w.s.h.BeanNameUrlHandlerMapping      : Rejected bean name 'org.springframework.cloud.autoconfigure.RefreshEndpointAutoConfiguration': no URL paths identified
2018-04-26 15:44:44.236 DEBUG 17424 --- [main] o.s.w.s.h.BeanNameUrlHandlerMapping      : Rejected bean name 'refreshScopeHealthIndicator': no URL paths identified
2018-04-26 15:44:44.236 DEBUG 17424 --- [main] o.s.w.s.h.BeanNameUrlHandlerMapping      : Rejected bean name 'org.springframework.cloud.autoconfigure.LifecycleMvcEndpointAutoConfiguration$EndpointConfiguration': no URL paths identified
2018-04-26 15:44:44.236 DEBUG 17424 --- [main] o.s.w.s.h.BeanNameUrlHandlerMapping      : Rejected bean name 'org.springframework.cloud.autoconfigure.LifecycleMvcEndpointAutoConfiguration': no URL paths identified
2018-04-26 15:44:44.236 DEBUG 17424 --- [main] o.s.w.s.h.BeanNameUrlHandlerMapping      : Rejected bean name 'environmentManager': no URL paths identified
2018-04-26 15:44:44.236 DEBUG 17424 --- [main] o.s.w.s.h.BeanNameUrlHandlerMapping      : Rejected bean name 'org.springframework.cloud.client.CommonsClientAutoConfiguration$ActuatorConfiguration': no URL paths identified
2018-04-26 15:44:44.236 DEBUG 17424 --- [main] o.s.w.s.h.BeanNameUrlHandlerMapping      : Rejected bean name 'featuresEndpoint': no URL paths identified
2018-04-26 15:44:44.236 DEBUG 17424 --- [main] o.s.w.s.h.BeanNameUrlHandlerMapping      : Rejected bean name 'org.springframework.cloud.client.CommonsClientAutoConfiguration': no URL paths identified
2018-04-26 15:44:44.236 DEBUG 17424 --- [main] o.s.w.s.h.BeanNameUrlHandlerMapping      : Rejected bean name 'org.springframework.cloud.client.discovery.composite.CompositeDiscoveryClientAutoConfiguration': no URL paths identified
2018-04-26 15:44:44.236 DEBUG 17424 --- [main] o.s.w.s.h.BeanNameUrlHandlerMapping      : Rejected bean name 'compositeDiscoveryClient': no URL paths identified
2018-04-26 15:44:44.236 DEBUG 17424 --- [main] o.s.w.s.h.BeanNameUrlHandlerMapping      : Rejected bean name 'org.springframework.cloud.client.discovery.simple.SimpleDiscoveryClientAutoConfiguration': no URL paths identified
2018-04-26 15:44:44.237 DEBUG 17424 --- [main] o.s.w.s.h.BeanNameUrlHandlerMapping      : Rejected bean name 'simpleDiscoveryProperties': no URL paths identified
2018-04-26 15:44:44.237 DEBUG 17424 --- [main] o.s.w.s.h.BeanNameUrlHandlerMapping      : Rejected bean name 'simpleDiscoveryClient': no URL paths identified
2018-04-26 15:44:44.237 DEBUG 17424 --- [main] o.s.w.s.h.BeanNameUrlHandlerMapping      : Rejected bean name 'org.springframework.cloud.client.serviceregistry.AutoServiceRegistrationConfiguration': no URL paths identified
2018-04-26 15:44:44.237 DEBUG 17424 --- [main] o.s.w.s.h.BeanNameUrlHandlerMapping      : Rejected bean name 'spring.cloud.service-registry.auto-registration-org.springframework.cloud.client.serviceregistry.AutoServiceRegistrationProperties': no URL paths identified
2018-04-26 15:44:44.237 DEBUG 17424 --- [main] o.s.w.s.h.BeanNameUrlHandlerMapping      : Rejected bean name 'org.springframework.cloud.client.serviceregistry.AutoServiceRegistrationAutoConfiguration': no URL paths identified
2018-04-26 15:44:44.237 DEBUG 17424 --- [main] o.s.w.s.h.BeanNameUrlHandlerMapping      : Rejected bean name 'org.springframework.cloud.client.serviceregistry.ServiceRegistryAutoConfiguration': no URL paths identified
2018-04-26 15:44:44.237 DEBUG 17424 --- [main] o.s.w.s.h.BeanNameUrlHandlerMapping      : Rejected bean name 'org.springframework.cloud.commons.httpclient.HttpClientConfiguration$ApacheHttpClientConfiguration': no URL paths identified
2018-04-26 15:44:44.237 DEBUG 17424 --- [main] o.s.w.s.h.BeanNameUrlHandlerMapping      : Rejected bean name 'connManFactory': no URL paths identified
2018-04-26 15:44:44.237 DEBUG 17424 --- [main] o.s.w.s.h.BeanNameUrlHandlerMapping      : Rejected bean name 'apacheHttpClientBuilder': no URL paths identified
2018-04-26 15:44:44.237 DEBUG 17424 --- [main] o.s.w.s.h.BeanNameUrlHandlerMapping      : Rejected bean name 'apacheHttpClientFactory': no URL paths identified
2018-04-26 15:44:44.237 DEBUG 17424 --- [main] o.s.w.s.h.BeanNameUrlHandlerMapping      : Rejected bean name 'org.springframework.cloud.commons.httpclient.HttpClientConfiguration': no URL paths identified
2018-04-26 15:44:44.237 DEBUG 17424 --- [main] o.s.w.s.h.BeanNameUrlHandlerMapping      : Rejected bean name 'org.springframework.cloud.commons.util.UtilAutoConfiguration': no URL paths identified
2018-04-26 15:44:44.237 DEBUG 17424 --- [main] o.s.w.s.h.BeanNameUrlHandlerMapping      : Rejected bean name 'inetUtilsProperties': no URL paths identified
2018-04-26 15:44:44.237 DEBUG 17424 --- [main] o.s.w.s.h.BeanNameUrlHandlerMapping      : Rejected bean name 'inetUtils': no URL paths identified
2018-04-26 15:44:44.237 DEBUG 17424 --- [main] o.s.w.s.h.BeanNameUrlHandlerMapping      : Rejected bean name 'org.springframework.cloud.config.client.ConfigClientAutoConfiguration$ConfigServerHealthIndicatorConfiguration': no URL paths identified
2018-04-26 15:44:44.237 DEBUG 17424 --- [main] o.s.w.s.h.BeanNameUrlHandlerMapping      : Rejected bean name 'configServerHealthIndicator': no URL paths identified
2018-04-26 15:44:44.237 DEBUG 17424 --- [main] o.s.w.s.h.BeanNameUrlHandlerMapping      : Rejected bean name 'org.springframework.cloud.config.client.ConfigClientAutoConfiguration': no URL paths identified
2018-04-26 15:44:44.237 DEBUG 17424 --- [main] o.s.w.s.h.BeanNameUrlHandlerMapping      : Rejected bean name 'configClientProperties': no URL paths identified
2018-04-26 15:44:44.237 DEBUG 17424 --- [main] o.s.w.s.h.BeanNameUrlHandlerMapping      : Rejected bean name 'configClientHealthProperties': no URL paths identified
2018-04-26 15:44:44.237 DEBUG 17424 --- [main] o.s.w.s.h.BeanNameUrlHandlerMapping      : Rejected bean name 'org.springframework.boot.actuate.autoconfigure.endpoint.web.ServletEndpointManagementContextConfiguration': no URL paths identified
2018-04-26 15:44:44.238 DEBUG 17424 --- [main] o.s.w.s.h.BeanNameUrlHandlerMapping      : Rejected bean name 'servletEndpointRegistrar': no URL paths identified
2018-04-26 15:44:44.238 DEBUG 17424 --- [main] o.s.w.s.h.BeanNameUrlHandlerMapping      : Rejected bean name 'servletExposeExcludePropertyEndpointFilter': no URL paths identified
2018-04-26 15:44:44.238 DEBUG 17424 --- [main] o.s.w.s.h.BeanNameUrlHandlerMapping      : Rejected bean name 'org.springframework.boot.actuate.autoconfigure.endpoint.web.servlet.WebMvcEndpointManagementContextConfiguration': no URL paths identified
2018-04-26 15:44:44.238 DEBUG 17424 --- [main] o.s.w.s.h.BeanNameUrlHandlerMapping      : Rejected bean name 'webEndpointServletHandlerMapping': no URL paths identified
2018-04-26 15:44:44.238 DEBUG 17424 --- [main] o.s.w.s.h.BeanNameUrlHandlerMapping      : Rejected bean name 'controllerEndpointHandlerMapping': no URL paths identified
2018-04-26 15:44:44.238 DEBUG 17424 --- [main] o.s.w.s.h.BeanNameUrlHandlerMapping      : Rejected bean name 'management.endpoints.web.cors-org.springframework.boot.actuate.autoconfigure.endpoint.web.CorsEndpointProperties': no URL paths identified
2018-04-26 15:44:44.238 DEBUG 17424 --- [main] o.s.w.s.h.BeanNameUrlHandlerMapping      : Rejected bean name 'org.springframework.boot.actuate.autoconfigure.web.server.ManagementContextAutoConfiguration$SameManagementContextConfiguration$EnableSameManagementContextConfiguration': no URL paths identified
2018-04-26 15:44:44.238 DEBUG 17424 --- [main] o.s.w.s.h.BeanNameUrlHandlerMapping      : Rejected bean name 'org.springframework.boot.actuate.autoconfigure.web.server.ManagementContextAutoConfiguration$SameManagementContextConfiguration': no URL paths identified
2018-04-26 15:44:44.238 DEBUG 17424 --- [main] o.s.w.s.h.BeanNameUrlHandlerMapping      : Rejected bean name 'org.springframework.boot.actuate.autoconfigure.web.server.ManagementContextAutoConfiguration': no URL paths identified
2018-04-26 15:44:44.238 DEBUG 17424 --- [main] o.s.w.s.h.BeanNameUrlHandlerMapping      : Rejected bean name 'management.server-org.springframework.boot.actuate.autoconfigure.web.server.ManagementServerProperties': no URL paths identified
2018-04-26 15:44:44.238 DEBUG 17424 --- [main] o.s.w.s.h.BeanNameUrlHandlerMapping      : Rejected bean name 'refreshScope': no URL paths identified
2018-04-26 15:44:44.238 DEBUG 17424 --- [main] o.s.w.s.h.BeanNameUrlHandlerMapping      : Rejected bean name 'autoConfigurationReport': no URL paths identified
2018-04-26 15:44:44.238 DEBUG 17424 --- [main] o.s.w.s.h.BeanNameUrlHandlerMapping      : Rejected bean name 'org.springframework.boot.context.ContextIdApplicationContextInitializer$ContextId': no URL paths identified
2018-04-26 15:44:44.238 DEBUG 17424 --- [main] o.s.w.s.h.BeanNameUrlHandlerMapping      : Rejected bean name 'springApplicationArguments': no URL paths identified
2018-04-26 15:44:44.238 DEBUG 17424 --- [main] o.s.w.s.h.BeanNameUrlHandlerMapping      : Rejected bean name 'springBootBanner': no URL paths identified
2018-04-26 15:44:44.238 DEBUG 17424 --- [main] o.s.w.s.h.BeanNameUrlHandlerMapping      : Rejected bean name 'environment': no URL paths identified
2018-04-26 15:44:44.238 DEBUG 17424 --- [main] o.s.w.s.h.BeanNameUrlHandlerMapping      : Rejected bean name 'systemProperties': no URL paths identified
2018-04-26 15:44:44.238 DEBUG 17424 --- [main] o.s.w.s.h.BeanNameUrlHandlerMapping      : Rejected bean name 'systemEnvironment': no URL paths identified
2018-04-26 15:44:44.238 DEBUG 17424 --- [main] o.s.w.s.h.BeanNameUrlHandlerMapping      : Rejected bean name 'org.springframework.context.annotation.ConfigurationClassPostProcessor.importRegistry': no URL paths identified
2018-04-26 15:44:44.238 DEBUG 17424 --- [main] o.s.w.s.h.BeanNameUrlHandlerMapping      : Rejected bean name 'messageSource': no URL paths identified
2018-04-26 15:44:44.238 DEBUG 17424 --- [main] o.s.w.s.h.BeanNameUrlHandlerMapping      : Rejected bean name 'applicationEventMulticaster': no URL paths identified
2018-04-26 15:44:44.239 DEBUG 17424 --- [main] o.s.w.s.h.BeanNameUrlHandlerMapping      : Rejected bean name 'servletContext': no URL paths identified
2018-04-26 15:44:44.239 DEBUG 17424 --- [main] o.s.w.s.h.BeanNameUrlHandlerMapping      : Rejected bean name 'contextParameters': no URL paths identified
2018-04-26 15:44:44.239 DEBUG 17424 --- [main] o.s.w.s.h.BeanNameUrlHandlerMapping      : Rejected bean name 'contextAttributes': no URL paths identified
2018-04-26 15:44:44.244  INFO 17424 --- [main] o.s.w.s.handler.SimpleUrlHandlerMapping  : Mapped URL path [/webjars/**] onto handler of type [class org.springframework.web.servlet.resource.ResourceHttpRequestHandler]
2018-04-26 15:44:44.245  INFO 17424 --- [main] o.s.w.s.handler.SimpleUrlHandlerMapping  : Mapped URL path [/**] onto handler of type [class org.springframework.web.servlet.resource.ResourceHttpRequestHandler]
2018-04-26 15:44:44.258 DEBUG 17424 --- [main] .m.m.a.ExceptionHandlerExceptionResolver : Looking for exception mappings: org.springframework.boot.web.servlet.context.AnnotationConfigServletWebServerApplicationContext@60db1c0e: startup date [Thu Apr 26 15:44:41 CEST 2018]; parent: org.springframework.context.annotation.AnnotationConfigApplicationContext@65466a6a
2018-04-26 15:44:45.044  INFO 17424 --- [main] o.s.b.a.e.web.EndpointLinksResolver      : Exposing 17 endpoint(s) beneath base path '/actuator'
2018-04-26 15:44:45.053  INFO 17424 --- [main] s.b.a.e.w.s.WebMvcEndpointHandlerMapping : Mapped "{[/actuator/auditevents],methods=[GET],produces=[application/vnd.spring-boot.actuator.v2+json || application/json]}" onto public java.lang.Object org.springframework.boot.actuate.endpoint.web.servlet.AbstractWebMvcEndpointHandlerMapping$OperationHandler.handle(javax.servlet.http.HttpServletRequest,java.util.Map<java.lang.String, java.lang.String>)
2018-04-26 15:44:45.054  INFO 17424 --- [main] s.b.a.e.w.s.WebMvcEndpointHandlerMapping : Mapped "{[/actuator/beans],methods=[GET],produces=[application/vnd.spring-boot.actuator.v2+json || application/json]}" onto public java.lang.Object org.springframework.boot.actuate.endpoint.web.servlet.AbstractWebMvcEndpointHandlerMapping$OperationHandler.handle(javax.servlet.http.HttpServletRequest,java.util.Map<java.lang.String, java.lang.String>)
2018-04-26 15:44:45.054  INFO 17424 --- [main] s.b.a.e.w.s.WebMvcEndpointHandlerMapping : Mapped "{[/actuator/health],methods=[GET],produces=[application/vnd.spring-boot.actuator.v2+json || application/json]}" onto public java.lang.Object org.springframework.boot.actuate.endpoint.web.servlet.AbstractWebMvcEndpointHandlerMapping$OperationHandler.handle(javax.servlet.http.HttpServletRequest,java.util.Map<java.lang.String, java.lang.String>)
2018-04-26 15:44:45.054  INFO 17424 --- [main] s.b.a.e.w.s.WebMvcEndpointHandlerMapping : Mapped "{[/actuator/conditions],methods=[GET],produces=[application/vnd.spring-boot.actuator.v2+json || application/json]}" onto public java.lang.Object org.springframework.boot.actuate.endpoint.web.servlet.AbstractWebMvcEndpointHandlerMapping$OperationHandler.handle(javax.servlet.http.HttpServletRequest,java.util.Map<java.lang.String, java.lang.String>)
2018-04-26 15:44:45.055  INFO 17424 --- [main] s.b.a.e.w.s.WebMvcEndpointHandlerMapping : Mapped "{[/actuator/configprops],methods=[GET],produces=[application/vnd.spring-boot.actuator.v2+json || application/json]}" onto public java.lang.Object org.springframework.boot.actuate.endpoint.web.servlet.AbstractWebMvcEndpointHandlerMapping$OperationHandler.handle(javax.servlet.http.HttpServletRequest,java.util.Map<java.lang.String, java.lang.String>)
2018-04-26 15:44:45.055  INFO 17424 --- [main] s.b.a.e.w.s.WebMvcEndpointHandlerMapping : Mapped "{[/actuator/env],methods=[GET],produces=[application/vnd.spring-boot.actuator.v2+json || application/json]}" onto public java.lang.Object org.springframework.boot.actuate.endpoint.web.servlet.AbstractWebMvcEndpointHandlerMapping$OperationHandler.handle(javax.servlet.http.HttpServletRequest,java.util.Map<java.lang.String, java.lang.String>)
2018-04-26 15:44:45.055  INFO 17424 --- [main] s.b.a.e.w.s.WebMvcEndpointHandlerMapping : Mapped "{[/actuator/env/{toMatch}],methods=[GET],produces=[application/vnd.spring-boot.actuator.v2+json || application/json]}" onto public java.lang.Object org.springframework.boot.actuate.endpoint.web.servlet.AbstractWebMvcEndpointHandlerMapping$OperationHandler.handle(javax.servlet.http.HttpServletRequest,java.util.Map<java.lang.String, java.lang.String>)
2018-04-26 15:44:45.056  INFO 17424 --- [main] s.b.a.e.w.s.WebMvcEndpointHandlerMapping : Mapped "{[/actuator/env],methods=[POST],consumes=[application/vnd.spring-boot.actuator.v2+json || application/json],produces=[application/vnd.spring-boot.actuator.v2+json || application/json]}" onto public java.lang.Object org.springframework.boot.actuate.endpoint.web.servlet.AbstractWebMvcEndpointHandlerMapping$OperationHandler.handle(javax.servlet.http.HttpServletRequest,java.util.Map<java.lang.String, java.lang.String>)
2018-04-26 15:44:45.058  INFO 17424 --- [main] s.b.a.e.w.s.WebMvcEndpointHandlerMapping : Mapped "{[/actuator/env],methods=[DELETE],produces=[application/vnd.spring-boot.actuator.v2+json || application/json]}" onto public java.lang.Object org.springframework.boot.actuate.endpoint.web.servlet.AbstractWebMvcEndpointHandlerMapping$OperationHandler.handle(javax.servlet.http.HttpServletRequest,java.util.Map<java.lang.String, java.lang.String>)
2018-04-26 15:44:45.058  INFO 17424 --- [main] s.b.a.e.w.s.WebMvcEndpointHandlerMapping : Mapped "{[/actuator/info],methods=[GET],produces=[application/vnd.spring-boot.actuator.v2+json || application/json]}" onto public java.lang.Object org.springframework.boot.actuate.endpoint.web.servlet.AbstractWebMvcEndpointHandlerMapping$OperationHandler.handle(javax.servlet.http.HttpServletRequest,java.util.Map<java.lang.String, java.lang.String>)
2018-04-26 15:44:45.058  INFO 17424 --- [main] s.b.a.e.w.s.WebMvcEndpointHandlerMapping : Mapped "{[/actuator/logfile],methods=[GET],produces=[application/octet-stream]}" onto public java.lang.Object org.springframework.boot.actuate.endpoint.web.servlet.AbstractWebMvcEndpointHandlerMapping$OperationHandler.handle(javax.servlet.http.HttpServletRequest,java.util.Map<java.lang.String, java.lang.String>)
2018-04-26 15:44:45.058  INFO 17424 --- [main] s.b.a.e.w.s.WebMvcEndpointHandlerMapping : Mapped "{[/actuator/loggers],methods=[GET],produces=[application/vnd.spring-boot.actuator.v2+json || application/json]}" onto public java.lang.Object org.springframework.boot.actuate.endpoint.web.servlet.AbstractWebMvcEndpointHandlerMapping$OperationHandler.handle(javax.servlet.http.HttpServletRequest,java.util.Map<java.lang.String, java.lang.String>)
2018-04-26 15:44:45.058  INFO 17424 --- [main] s.b.a.e.w.s.WebMvcEndpointHandlerMapping : Mapped "{[/actuator/loggers/{name}],methods=[GET],produces=[application/vnd.spring-boot.actuator.v2+json || application/json]}" onto public java.lang.Object org.springframework.boot.actuate.endpoint.web.servlet.AbstractWebMvcEndpointHandlerMapping$OperationHandler.handle(javax.servlet.http.HttpServletRequest,java.util.Map<java.lang.String, java.lang.String>)
2018-04-26 15:44:45.058  INFO 17424 --- [main] s.b.a.e.w.s.WebMvcEndpointHandlerMapping : Mapped "{[/actuator/loggers/{name}],methods=[POST],consumes=[application/vnd.spring-boot.actuator.v2+json || application/json]}" onto public java.lang.Object org.springframework.boot.actuate.endpoint.web.servlet.AbstractWebMvcEndpointHandlerMapping$OperationHandler.handle(javax.servlet.http.HttpServletRequest,java.util.Map<java.lang.String, java.lang.String>)
2018-04-26 15:44:45.059  INFO 17424 --- [main] s.b.a.e.w.s.WebMvcEndpointHandlerMapping : Mapped "{[/actuator/heapdump],methods=[GET],produces=[application/octet-stream]}" onto public java.lang.Object org.springframework.boot.actuate.endpoint.web.servlet.AbstractWebMvcEndpointHandlerMapping$OperationHandler.handle(javax.servlet.http.HttpServletRequest,java.util.Map<java.lang.String, java.lang.String>)
2018-04-26 15:44:45.059  INFO 17424 --- [main] s.b.a.e.w.s.WebMvcEndpointHandlerMapping : Mapped "{[/actuator/threaddump],methods=[GET],produces=[application/vnd.spring-boot.actuator.v2+json || application/json]}" onto public java.lang.Object org.springframework.boot.actuate.endpoint.web.servlet.AbstractWebMvcEndpointHandlerMapping$OperationHandler.handle(javax.servlet.http.HttpServletRequest,java.util.Map<java.lang.String, java.lang.String>)
2018-04-26 15:44:45.059  INFO 17424 --- [main] s.b.a.e.w.s.WebMvcEndpointHandlerMapping : Mapped "{[/actuator/metrics/{requiredMetricName}],methods=[GET],produces=[application/vnd.spring-boot.actuator.v2+json || application/json]}" onto public java.lang.Object org.springframework.boot.actuate.endpoint.web.servlet.AbstractWebMvcEndpointHandlerMapping$OperationHandler.handle(javax.servlet.http.HttpServletRequest,java.util.Map<java.lang.String, java.lang.String>)
2018-04-26 15:44:45.059  INFO 17424 --- [main] s.b.a.e.w.s.WebMvcEndpointHandlerMapping : Mapped "{[/actuator/metrics],methods=[GET],produces=[application/vnd.spring-boot.actuator.v2+json || application/json]}" onto public java.lang.Object org.springframework.boot.actuate.endpoint.web.servlet.AbstractWebMvcEndpointHandlerMapping$OperationHandler.handle(javax.servlet.http.HttpServletRequest,java.util.Map<java.lang.String, java.lang.String>)
2018-04-26 15:44:45.059  INFO 17424 --- [main] s.b.a.e.w.s.WebMvcEndpointHandlerMapping : Mapped "{[/actuator/scheduledtasks],methods=[GET],produces=[application/vnd.spring-boot.actuator.v2+json || application/json]}" onto public java.lang.Object org.springframework.boot.actuate.endpoint.web.servlet.AbstractWebMvcEndpointHandlerMapping$OperationHandler.handle(javax.servlet.http.HttpServletRequest,java.util.Map<java.lang.String, java.lang.String>)
2018-04-26 15:44:45.060  INFO 17424 --- [main] s.b.a.e.w.s.WebMvcEndpointHandlerMapping : Mapped "{[/actuator/httptrace],methods=[GET],produces=[application/vnd.spring-boot.actuator.v2+json || application/json]}" onto public java.lang.Object org.springframework.boot.actuate.endpoint.web.servlet.AbstractWebMvcEndpointHandlerMapping$OperationHandler.handle(javax.servlet.http.HttpServletRequest,java.util.Map<java.lang.String, java.lang.String>)
2018-04-26 15:44:45.060  INFO 17424 --- [main] s.b.a.e.w.s.WebMvcEndpointHandlerMapping : Mapped "{[/actuator/mappings],methods=[GET],produces=[application/vnd.spring-boot.actuator.v2+json || application/json]}" onto public java.lang.Object org.springframework.boot.actuate.endpoint.web.servlet.AbstractWebMvcEndpointHandlerMapping$OperationHandler.handle(javax.servlet.http.HttpServletRequest,java.util.Map<java.lang.String, java.lang.String>)
2018-04-26 15:44:45.061  INFO 17424 --- [main] s.b.a.e.w.s.WebMvcEndpointHandlerMapping : Mapped "{[/actuator/refresh],methods=[POST],produces=[application/vnd.spring-boot.actuator.v2+json || application/json]}" onto public java.lang.Object org.springframework.boot.actuate.endpoint.web.servlet.AbstractWebMvcEndpointHandlerMapping$OperationHandler.handle(javax.servlet.http.HttpServletRequest,java.util.Map<java.lang.String, java.lang.String>)
2018-04-26 15:44:45.061  INFO 17424 --- [main] s.b.a.e.w.s.WebMvcEndpointHandlerMapping : Mapped "{[/actuator/features],methods=[GET],produces=[application/vnd.spring-boot.actuator.v2+json || application/json]}" onto public java.lang.Object org.springframework.boot.actuate.endpoint.web.servlet.AbstractWebMvcEndpointHandlerMapping$OperationHandler.handle(javax.servlet.http.HttpServletRequest,java.util.Map<java.lang.String, java.lang.String>)
2018-04-26 15:44:45.062  INFO 17424 --- [main] s.b.a.e.w.s.WebMvcEndpointHandlerMapping : Mapped "{[/actuator],methods=[GET],produces=[application/vnd.spring-boot.actuator.v2+json || application/json]}" onto protected java.util.Map<java.lang.String, java.util.Map<java.lang.String, org.springframework.boot.actuate.endpoint.web.Link>> org.springframework.boot.actuate.endpoint.web.servlet.WebMvcEndpointHandlerMapping.links(javax.servlet.http.HttpServletRequest,javax.servlet.http.HttpServletResponse)
2018-04-26 15:44:45.122  INFO 17424 --- [main] o.s.j.e.a.AnnotationMBeanExporter        : Registering beans for JMX exposure on startup
2018-04-26 15:44:45.138  INFO 17424 --- [main] o.s.j.e.a.AnnotationMBeanExporter        : Bean with name 'configurationPropertiesRebinder' has been autodetected for JMX exposure
2018-04-26 15:44:45.139  INFO 17424 --- [main] o.s.j.e.a.AnnotationMBeanExporter        : Bean with name 'environmentManager' has been autodetected for JMX exposure
2018-04-26 15:44:45.142  INFO 17424 --- [main] o.s.j.e.a.AnnotationMBeanExporter        : Bean with name 'refreshScope' has been autodetected for JMX exposure
2018-04-26 15:44:45.144  INFO 17424 --- [main] o.s.j.e.a.AnnotationMBeanExporter        : Located managed bean 'environmentManager': registering with JMX server as MBean [org.springframework.cloud.context.environment:name=environmentManager,type=EnvironmentManager]
2018-04-26 15:44:45.160  INFO 17424 --- [main] o.s.j.e.a.AnnotationMBeanExporter        : Located managed bean 'refreshScope': registering with JMX server as MBean [org.springframework.cloud.context.scope.refresh:name=refreshScope,type=RefreshScope]
2018-04-26 15:44:45.172  INFO 17424 --- [main] o.s.j.e.a.AnnotationMBeanExporter        : Located managed bean 'configurationPropertiesRebinder': registering with JMX server as MBean [org.springframework.cloud.context.properties:name=configurationPropertiesRebinder,context=60db1c0e,type=ConfigurationPropertiesRebinder]
2018-04-26 15:44:45.182 DEBUG 17424 --- [main] o.s.w.c.s.StandardServletEnvironment     : Adding PropertySource 'Management Server' with lowest search precedence
2018-04-26 15:44:45.195 DEBUG 17424 --- [main] o.s.w.s.resource.ResourceUrlProvider     : Looking for resource handler mappings
2018-04-26 15:44:45.196 DEBUG 17424 --- [main] o.s.w.s.resource.ResourceUrlProvider     : Found resource handler mapping: URL pattern="/**/favicon.ico", locations=[class path resource [META-INF/resources/], class path resource [resources/], class path resource [static/], class path resource [public/], ServletContext resource [/], class path resource []], resolvers=[org.springframework.web.servlet.resource.PathResourceResolver@31edeac]
2018-04-26 15:44:45.197 DEBUG 17424 --- [main] o.s.w.s.resource.ResourceUrlProvider     : Found resource handler mapping: URL pattern="/webjars/**", locations=[class path resource [META-INF/resources/webjars/]], resolvers=[org.springframework.web.servlet.resource.PathResourceResolver@67d86804]
2018-04-26 15:44:45.197 DEBUG 17424 --- [main] o.s.w.s.resource.ResourceUrlProvider     : Found resource handler mapping: URL pattern="/**", locations=[class path resource [META-INF/resources/], class path resource [resources/], class path resource [static/], class path resource [public/], ServletContext resource [/]], resolvers=[org.springframework.web.servlet.resource.PathResourceResolver@45bb2aa1]
2018-04-26 15:44:45.221  INFO 17424 --- [main] o.s.b.w.embedded.tomcat.TomcatWebServer  : Tomcat started on port(s): 8080 (http) with context path ''
2018-04-26 15:44:45.222 DEBUG 17424 --- [main] o.s.w.c.s.StandardServletEnvironment     : Adding PropertySource 'server.ports' with highest search precedence
2018-04-26 15:44:45.226  INFO 17424 --- [main] c.e.c.c.ConfigurationClientApplication   : Started ConfigurationClientApplication in 6.8 seconds (JVM running for 8.548)
2018-04-26 15:44:46.121  INFO 17424 --- [RMI TCP Connection(8)-127.0.0.1] c.c.c.ConfigServicePropertySourceLocator : Fetching config from server at: http://localhost:8888
2018-04-26 15:44:46.123 DEBUG 17424 --- [RMI TCP Connection(8)-127.0.0.1] o.s.web.client.RestTemplate              : Created GET request for "http://localhost:8888/client-service/default"
2018-04-26 15:44:46.129 DEBUG 17424 --- [RMI TCP Connection(8)-127.0.0.1] o.s.web.client.RestTemplate              : Setting request Accept header to [application/json, application/*+json]
2018-04-26 15:44:46.130 DEBUG 17424 --- [RMI TCP Connection(4)-127.0.0.1] o.s.web.servlet.DispatcherServlet        : Initializing servlet 'dispatcherServlet'
2018-04-26 15:44:46.131  INFO 17424 --- [RMI TCP Connection(4)-127.0.0.1] o.a.c.c.C.[Tomcat].[localhost].[/]       : Initializing Spring FrameworkServlet 'dispatcherServlet'
2018-04-26 15:44:46.131  INFO 17424 --- [RMI TCP Connection(4)-127.0.0.1] o.s.web.servlet.DispatcherServlet        : FrameworkServlet 'dispatcherServlet': initialization started
2018-04-26 15:44:46.131 DEBUG 17424 --- [RMI TCP Connection(4)-127.0.0.1] o.s.web.servlet.DispatcherServlet        : Using MultipartResolver [org.springframework.web.multipart.support.StandardServletMultipartResolver@30c4694f]
2018-04-26 15:44:46.135 DEBUG 17424 --- [RMI TCP Connection(4)-127.0.0.1] o.s.web.servlet.DispatcherServlet        : Unable to locate LocaleResolver with name 'localeResolver': using default [org.springframework.web.servlet.i18n.AcceptHeaderLocaleResolver@7febcdf8]
2018-04-26 15:44:46.140 DEBUG 17424 --- [RMI TCP Connection(4)-127.0.0.1] o.s.web.servlet.DispatcherServlet        : Unable to locate ThemeResolver with name 'themeResolver': using default [org.springframework.web.servlet.theme.FixedThemeResolver@32ee98ab]
2018-04-26 15:44:46.146 DEBUG 17424 --- [RMI TCP Connection(4)-127.0.0.1] o.s.web.servlet.DispatcherServlet        : Unable to locate RequestToViewNameTranslator with name 'viewNameTranslator': using default [org.springframework.web.servlet.view.DefaultRequestToViewNameTranslator@146d0704]
2018-04-26 15:44:46.150 DEBUG 17424 --- [RMI TCP Connection(4)-127.0.0.1] o.s.web.servlet.DispatcherServlet        : Unable to locate FlashMapManager with name 'flashMapManager': using default [org.springframework.web.servlet.support.SessionFlashMapManager@fb42fe8]
2018-04-26 15:44:46.150 DEBUG 17424 --- [RMI TCP Connection(4)-127.0.0.1] o.s.web.servlet.DispatcherServlet        : Published WebApplicationContext of servlet 'dispatcherServlet' as ServletContext attribute with name [org.springframework.web.servlet.FrameworkServlet.CONTEXT.dispatcherServlet]
2018-04-26 15:44:46.150  INFO 17424 --- [RMI TCP Connection(4)-127.0.0.1] o.s.web.servlet.DispatcherServlet        : FrameworkServlet 'dispatcherServlet': initialization completed in 19 ms
2018-04-26 15:44:46.150 DEBUG 17424 --- [RMI TCP Connection(4)-127.0.0.1] o.s.web.servlet.DispatcherServlet        : Servlet 'dispatcherServlet' configured successfully
2018-04-26 15:44:46.559 DEBUG 17424 --- [RMI TCP Connection(8)-127.0.0.1] o.s.web.client.RestTemplate              : GET request for "http://localhost:8888/client-service/default" resulted in 200 (null)
2018-04-26 15:44:46.560 DEBUG 17424 --- [RMI TCP Connection(8)-127.0.0.1] o.s.web.client.RestTemplate              : Reading [class org.springframework.cloud.config.environment.Environment] as "application/json;charset=UTF-8" using [org.springframework.http.converter.json.MappingJackson2HttpMessageConverter@4fae9739]
2018-04-26 15:44:46.560  INFO 17424 --- [RMI TCP Connection(8)-127.0.0.1] c.c.c.ConfigServicePropertySourceLocator : Located environment: name=client-service, profiles=[default], label=null, version=f2eddaa1261c090b4e63629e38290943c15d4a54, state=null
2018-04-26 15:44:49.372 DEBUG 17424 --- [http-nio-8080-exec-1] s.w.s.m.m.a.RequestMappingHandlerMapping : Looking up handler method for path /message
2018-04-26 15:44:49.374 DEBUG 17424 --- [http-nio-8080-exec-1] s.w.s.m.m.a.RequestMappingHandlerMapping : Returning handler method [java.lang.String com.example.config.client.MessageRestController.getMessage()]
2018-04-26 15:44:49.378 DEBUG 17424 --- [http-nio-8080-exec-1] o.s.web.servlet.DispatcherServlet        : DispatcherServlet with name 'dispatcherServlet' processing GET request for [/message]
2018-04-26 15:44:49.382 DEBUG 17424 --- [http-nio-8080-exec-1] s.w.s.m.m.a.RequestMappingHandlerMapping : Looking up handler method for path /message
2018-04-26 15:44:49.382 DEBUG 17424 --- [http-nio-8080-exec-1] s.w.s.m.m.a.RequestMappingHandlerMapping : Returning handler method [java.lang.String com.example.config.client.MessageRestController.getMessage()]
2018-04-26 15:44:49.382 DEBUG 17424 --- [http-nio-8080-exec-1] o.s.web.servlet.DispatcherServlet        : Last-Modified value for [/message] is: -1
2018-04-26 15:44:49.391  INFO 17424 --- [http-nio-8080-exec-1] c.e.config.client.MessageRestController  : info level log
2018-04-26 15:44:49.391 ERROR 17424 --- [http-nio-8080-exec-1] c.e.config.client.MessageRestController  : error level log
2018-04-26 15:44:49.403 DEBUG 17424 --- [http-nio-8080-exec-1] m.m.a.RequestResponseBodyMethodProcessor : Written [Hello world, Reloaded2!] as "text/html" using [org.springframework.http.converter.StringHttpMessageConverter@5e8604bf]
2018-04-26 15:44:49.404 DEBUG 17424 --- [http-nio-8080-exec-1] o.s.web.servlet.DispatcherServlet        : Null ModelAndView returned to DispatcherServlet with name 'dispatcherServlet': assuming HandlerAdapter completed request handling
2018-04-26 15:44:49.404 DEBUG 17424 --- [http-nio-8080-exec-1] o.s.web.servlet.DispatcherServlet        : Successfully completed request
2018-04-26 15:44:49.514 DEBUG 17424 --- [http-nio-8080-exec-2] o.s.w.s.handler.SimpleUrlHandlerMapping  : Matching patterns for request [/favicon.ico] are [/**/favicon.ico]
2018-04-26 15:44:49.515 DEBUG 17424 --- [http-nio-8080-exec-2] o.s.w.s.handler.SimpleUrlHandlerMapping  : URI Template variables for request [/favicon.ico] are {}
2018-04-26 15:44:49.517 DEBUG 17424 --- [http-nio-8080-exec-2] o.s.w.s.handler.SimpleUrlHandlerMapping  : Mapping [/favicon.ico] to HandlerExecutionChain with handler [ResourceHttpRequestHandler [locations=[class path resource [META-INF/resources/], class path resource [resources/], class path resource [static/], class path resource [public/], ServletContext resource [/], class path resource []], resolvers=[org.springframework.web.servlet.resource.PathResourceResolver@31edeac]]] and 1 interceptor
2018-04-26 15:44:49.529 DEBUG 17424 --- [http-nio-8080-exec-2] o.s.web.servlet.DispatcherServlet        : DispatcherServlet with name 'dispatcherServlet' processing GET request for [/favicon.ico]
2018-04-26 15:44:49.529 DEBUG 17424 --- [http-nio-8080-exec-2] o.s.w.s.handler.SimpleUrlHandlerMapping  : Matching patterns for request [/favicon.ico] are [/**/favicon.ico]
2018-04-26 15:44:49.529 DEBUG 17424 --- [http-nio-8080-exec-2] o.s.w.s.handler.SimpleUrlHandlerMapping  : URI Template variables for request [/favicon.ico] are {}
2018-04-26 15:44:49.529 DEBUG 17424 --- [http-nio-8080-exec-2] o.s.w.s.handler.SimpleUrlHandlerMapping  : Mapping [/favicon.ico] to HandlerExecutionChain with handler [ResourceHttpRequestHandler [locations=[class path resource [META-INF/resources/], class path resource [resources/], class path resource [static/], class path resource [public/], ServletContext resource [/], class path resource []], resolvers=[org.springframework.web.servlet.resource.PathResourceResolver@31edeac]]] and 1 interceptor
2018-04-26 15:44:49.530 DEBUG 17424 --- [http-nio-8080-exec-2] o.s.web.servlet.DispatcherServlet        : Last-Modified value for [/favicon.ico] is: -1
2018-04-26 15:44:49.563 DEBUG 17424 --- [http-nio-8080-exec-2] o.s.web.servlet.DispatcherServlet        : Null ModelAndView returned to DispatcherServlet with name 'dispatcherServlet': assuming HandlerAdapter completed request handling
2018-04-26 15:44:49.564 DEBUG 17424 --- [http-nio-8080-exec-2] o.s.web.servlet.DispatcherServlet        : Successfully completed request
2018-04-26 15:45:02.732 DEBUG 17424 --- [http-nio-8080-exec-3] s.w.s.m.m.a.RequestMappingHandlerMapping : Looking up handler method for path /message
2018-04-26 15:45:02.733 DEBUG 17424 --- [http-nio-8080-exec-3] s.w.s.m.m.a.RequestMappingHandlerMapping : Returning handler method [java.lang.String com.example.config.client.MessageRestController.getMessage()]
2018-04-26 15:45:02.733 DEBUG 17424 --- [http-nio-8080-exec-3] o.s.web.servlet.DispatcherServlet        : DispatcherServlet with name 'dispatcherServlet' processing GET request for [/message]
2018-04-26 15:45:02.735 DEBUG 17424 --- [http-nio-8080-exec-3] s.w.s.m.m.a.RequestMappingHandlerMapping : Looking up handler method for path /message
2018-04-26 15:45:02.736 DEBUG 17424 --- [http-nio-8080-exec-3] s.w.s.m.m.a.RequestMappingHandlerMapping : Returning handler method [java.lang.String com.example.config.client.MessageRestController.getMessage()]
2018-04-26 15:45:02.737 DEBUG 17424 --- [http-nio-8080-exec-3] o.s.web.servlet.DispatcherServlet        : Last-Modified value for [/message] is: -1
2018-04-26 15:45:02.737  INFO 17424 --- [http-nio-8080-exec-3] c.e.config.client.MessageRestController  : info level log
2018-04-26 15:45:02.737 ERROR 17424 --- [http-nio-8080-exec-3] c.e.config.client.MessageRestController  : error level log
2018-04-26 15:45:02.739 DEBUG 17424 --- [http-nio-8080-exec-3] m.m.a.RequestResponseBodyMethodProcessor : Written [Hello world, Reloaded2!] as "text/html" using [org.springframework.http.converter.StringHttpMessageConverter@5e8604bf]
2018-04-26 15:45:02.740 DEBUG 17424 --- [http-nio-8080-exec-3] o.s.web.servlet.DispatcherServlet        : Null ModelAndView returned to DispatcherServlet with name 'dispatcherServlet': assuming HandlerAdapter completed request handling
2018-04-26 15:45:02.740 DEBUG 17424 --- [http-nio-8080-exec-3] o.s.web.servlet.DispatcherServlet        : Successfully completed request
2018-04-26 15:46:00.929 DEBUG 17424 --- [http-nio-8080-exec-5] o.s.web.servlet.DispatcherServlet        : DispatcherServlet with name 'dispatcherServlet' processing POST request for [/actuator/refresh]
2018-04-26 15:46:00.935 DEBUG 17424 --- [http-nio-8080-exec-5] m.m.a.RequestResponseBodyMethodProcessor : Read [java.util.Map<java.lang.String, java.lang.String>] as "application/json;charset=UTF-8" with [org.springframework.http.converter.json.MappingJackson2HttpMessageConverter@20095ab4]
2018-04-26 15:46:01.226  INFO 17424 --- [http-nio-8080-exec-5] s.c.a.AnnotationConfigApplicationContext : Refreshing org.springframework.context.annotation.AnnotationConfigApplicationContext@23269f78: startup date [Thu Apr 26 15:46:01 CEST 2018]; root of context hierarchy
2018-04-26 15:46:01.275  INFO 17424 --- [http-nio-8080-exec-5] trationDelegate$BeanPostProcessorChecker : Bean 'configurationPropertiesRebinderAutoConfiguration' of type [org.springframework.cloud.autoconfigure.ConfigurationPropertiesRebinderAutoConfiguration$$EnhancerBySpringCGLIB$$ccf99ed7] is not eligible for getting processed by all BeanPostProcessors (for example: not eligible for auto-proxying)
2018-04-26 15:46:01.587  INFO 17424 --- [http-nio-8080-exec-5] c.c.c.ConfigServicePropertySourceLocator : Fetching config from server at: http://localhost:8888
2018-04-26 15:46:01.587 DEBUG 17424 --- [http-nio-8080-exec-5] o.s.web.client.RestTemplate              : Created GET request for "http://localhost:8888/client-service/default"
2018-04-26 15:46:01.591 DEBUG 17424 --- [http-nio-8080-exec-5] o.s.web.client.RestTemplate              : Setting request Accept header to [application/json, application/*+json]
2018-04-26 15:46:01.956 DEBUG 17424 --- [http-nio-8080-exec-5] o.s.web.client.RestTemplate              : GET request for "http://localhost:8888/client-service/default" resulted in 200 (null)
2018-04-26 15:46:01.957 DEBUG 17424 --- [http-nio-8080-exec-5] o.s.web.client.RestTemplate              : Reading [class org.springframework.cloud.config.environment.Environment] as "application/json;charset=UTF-8" using [org.springframework.http.converter.json.MappingJackson2HttpMessageConverter@4153e3e]
2018-04-26 15:46:01.957  INFO 17424 --- [http-nio-8080-exec-5] c.c.c.ConfigServicePropertySourceLocator : Located environment: name=client-service, profiles=[default], label=null, version=f2eddaa1261c090b4e63629e38290943c15d4a54, state=null
2018-04-26 15:46:01.957  INFO 17424 --- [http-nio-8080-exec-5] b.c.PropertySourceBootstrapConfiguration : Located property source: CompositePropertySource {name='configService', propertySources=[MapPropertySource {name='configClient'}, MapPropertySource {name='file://C:\Users\apa/application-config//client-service.properties'}]}
